{"/Users/user/task-manager/src/components/Filter/index.tsx": {"path":"/Users/user/task-manager/src/components/Filter/index.tsx","all":false,"statementMap":{"0":{"start":{"line":1,"column":0},"end":{"line":1,"column":59}},"1":{"start":{"line":2,"column":0},"end":{"line":2,"column":55}},"2":{"start":{"line":3,"column":0},"end":{"line":3,"column":8}},"3":{"start":{"line":4,"column":0},"end":{"line":4,"column":9}},"4":{"start":{"line":5,"column":0},"end":{"line":5,"column":16}},"5":{"start":{"line":6,"column":0},"end":{"line":6,"column":13}},"6":{"start":{"line":7,"column":0},"end":{"line":7,"column":16}},"7":{"start":{"line":8,"column":0},"end":{"line":8,"column":14}},"8":{"start":{"line":9,"column":0},"end":{"line":9,"column":32}},"9":{"start":{"line":10,"column":0},"end":{"line":10,"column":0}},"10":{"start":{"line":11,"column":0},"end":{"line":11,"column":22}},"11":{"start":{"line":12,"column":0},"end":{"line":12,"column":53}},"12":{"start":{"line":13,"column":0},"end":{"line":13,"column":0}},"13":{"start":{"line":14,"column":0},"end":{"line":14,"column":43}},"14":{"start":{"line":15,"column":0},"end":{"line":15,"column":23}},"15":{"start":{"line":16,"column":0},"end":{"line":16,"column":4}},"16":{"start":{"line":17,"column":0},"end":{"line":17,"column":0}},"17":{"start":{"line":18,"column":0},"end":{"line":18,"column":10}},"18":{"start":{"line":19,"column":0},"end":{"line":19,"column":58}},"19":{"start":{"line":20,"column":0},"end":{"line":20,"column":64}},"20":{"start":{"line":21,"column":0},"end":{"line":21,"column":32}},"21":{"start":{"line":22,"column":0},"end":{"line":22,"column":44}},"22":{"start":{"line":23,"column":0},"end":{"line":23,"column":22}},"23":{"start":{"line":24,"column":0},"end":{"line":24,"column":21}},"24":{"start":{"line":25,"column":0},"end":{"line":25,"column":44}},"25":{"start":{"line":26,"column":0},"end":{"line":26,"column":13}},"26":{"start":{"line":27,"column":0},"end":{"line":27,"column":21}},"27":{"start":{"line":28,"column":0},"end":{"line":28,"column":44}},"28":{"start":{"line":29,"column":0},"end":{"line":29,"column":13}},"29":{"start":{"line":30,"column":0},"end":{"line":30,"column":21}},"30":{"start":{"line":31,"column":0},"end":{"line":31,"column":50}},"31":{"start":{"line":32,"column":0},"end":{"line":32,"column":16}},"32":{"start":{"line":33,"column":0},"end":{"line":33,"column":21}},"33":{"start":{"line":34,"column":0},"end":{"line":34,"column":46}},"34":{"start":{"line":35,"column":0},"end":{"line":35,"column":14}},"35":{"start":{"line":36,"column":0},"end":{"line":36,"column":21}},"36":{"start":{"line":37,"column":0},"end":{"line":37,"column":22}},"37":{"start":{"line":38,"column":0},"end":{"line":38,"column":13}},"38":{"start":{"line":39,"column":0},"end":{"line":39,"column":4}},"39":{"start":{"line":40,"column":0},"end":{"line":40,"column":2}},"40":{"start":{"line":41,"column":0},"end":{"line":41,"column":0}},"41":{"start":{"line":42,"column":0},"end":{"line":42,"column":22}}},"s":{"0":1,"1":1,"2":1,"3":1,"4":1,"5":1,"6":1,"7":1,"8":1,"9":1,"10":1,"11":3,"12":3,"13":3,"14":1,"15":3,"16":3,"17":3,"18":3,"19":3,"20":3,"21":3,"22":3,"23":3,"24":3,"25":3,"26":3,"27":3,"28":3,"29":3,"30":3,"31":3,"32":3,"33":3,"34":3,"35":3,"36":3,"37":3,"38":3,"39":3,"40":1,"41":1},"branchMap":{"0":{"type":"branch","line":11,"loc":{"start":{"line":11,"column":15},"end":{"line":40,"column":2}},"locations":[{"start":{"line":11,"column":15},"end":{"line":40,"column":2}}]},"1":{"type":"branch","line":14,"loc":{"start":{"line":14,"column":23},"end":{"line":16,"column":3}},"locations":[{"start":{"line":14,"column":23},"end":{"line":16,"column":3}}]}},"b":{"0":[3],"1":[1]},"fnMap":{"0":{"name":"Filter","decl":{"start":{"line":11,"column":15},"end":{"line":40,"column":2}},"loc":{"start":{"line":11,"column":15},"end":{"line":40,"column":2}},"line":11},"1":{"name":"handleChange","decl":{"start":{"line":14,"column":23},"end":{"line":16,"column":3}},"loc":{"start":{"line":14,"column":23},"end":{"line":16,"column":3}},"line":14}},"f":{"0":3,"1":1}}
,"/Users/user/task-manager/src/components/Search/index.tsx": {"path":"/Users/user/task-manager/src/components/Search/index.tsx","all":false,"statementMap":{"0":{"start":{"line":1,"column":0},"end":{"line":1,"column":46}},"1":{"start":{"line":2,"column":0},"end":{"line":2,"column":55}},"2":{"start":{"line":3,"column":0},"end":{"line":3,"column":0}},"3":{"start":{"line":4,"column":0},"end":{"line":4,"column":29}},"4":{"start":{"line":5,"column":0},"end":{"line":5,"column":57}},"5":{"start":{"line":6,"column":0},"end":{"line":6,"column":0}},"6":{"start":{"line":7,"column":0},"end":{"line":7,"column":10}},"7":{"start":{"line":8,"column":0},"end":{"line":8,"column":10}},"8":{"start":{"line":9,"column":0},"end":{"line":9,"column":17}},"9":{"start":{"line":10,"column":0},"end":{"line":10,"column":19}},"10":{"start":{"line":11,"column":0},"end":{"line":11,"column":35}},"11":{"start":{"line":12,"column":0},"end":{"line":12,"column":24}},"12":{"start":{"line":13,"column":0},"end":{"line":13,"column":24}},"13":{"start":{"line":14,"column":0},"end":{"line":14,"column":53}},"14":{"start":{"line":15,"column":0},"end":{"line":15,"column":6}},"15":{"start":{"line":16,"column":0},"end":{"line":16,"column":4}},"16":{"start":{"line":17,"column":0},"end":{"line":17,"column":2}},"17":{"start":{"line":18,"column":0},"end":{"line":18,"column":0}},"18":{"start":{"line":19,"column":0},"end":{"line":19,"column":22}}},"s":{"0":1,"1":1,"2":1,"3":1,"4":2,"5":2,"6":2,"7":2,"8":2,"9":2,"10":2,"11":2,"12":2,"13":2,"14":2,"15":2,"16":2,"17":1,"18":1},"branchMap":{"0":{"type":"branch","line":4,"loc":{"start":{"line":4,"column":22},"end":{"line":17,"column":2}},"locations":[{"start":{"line":4,"column":22},"end":{"line":17,"column":2}}]},"1":{"type":"branch","line":14,"loc":{"start":{"line":14,"column":16},"end":{"line":14,"column":52}},"locations":[{"start":{"line":14,"column":16},"end":{"line":14,"column":52}}]}},"b":{"0":[2],"1":[1]},"fnMap":{"0":{"name":"Search","decl":{"start":{"line":4,"column":22},"end":{"line":17,"column":2}},"loc":{"start":{"line":4,"column":22},"end":{"line":17,"column":2}},"line":4},"1":{"name":"onChange","decl":{"start":{"line":14,"column":16},"end":{"line":14,"column":52}},"loc":{"start":{"line":14,"column":16},"end":{"line":14,"column":52}},"line":14}},"f":{"0":2,"1":1}}
,"/Users/user/task-manager/src/components/Tasks/CreateTaskButton.tsx": {"path":"/Users/user/task-manager/src/components/Tasks/CreateTaskButton.tsx","all":false,"statementMap":{"0":{"start":{"line":1,"column":0},"end":{"line":1,"column":38}},"1":{"start":{"line":2,"column":0},"end":{"line":2,"column":48}},"2":{"start":{"line":3,"column":0},"end":{"line":3,"column":0}},"3":{"start":{"line":4,"column":0},"end":{"line":4,"column":27}},"4":{"start":{"line":5,"column":0},"end":{"line":5,"column":18}},"5":{"start":{"line":6,"column":0},"end":{"line":6,"column":4}},"6":{"start":{"line":7,"column":0},"end":{"line":7,"column":30}},"7":{"start":{"line":8,"column":0},"end":{"line":8,"column":7}},"8":{"start":{"line":9,"column":0},"end":{"line":9,"column":10}},"9":{"start":{"line":10,"column":0},"end":{"line":10,"column":9}},"10":{"start":{"line":11,"column":0},"end":{"line":11,"column":13}},"11":{"start":{"line":12,"column":0},"end":{"line":12,"column":24}},"12":{"start":{"line":13,"column":0},"end":{"line":13,"column":75}},"13":{"start":{"line":14,"column":0},"end":{"line":14,"column":33}},"14":{"start":{"line":15,"column":0},"end":{"line":15,"column":7}},"15":{"start":{"line":16,"column":0},"end":{"line":16,"column":15}},"16":{"start":{"line":17,"column":0},"end":{"line":17,"column":29}},"17":{"start":{"line":18,"column":0},"end":{"line":18,"column":15}},"18":{"start":{"line":19,"column":0},"end":{"line":19,"column":10}},"19":{"start":{"line":20,"column":0},"end":{"line":20,"column":4}},"20":{"start":{"line":21,"column":0},"end":{"line":21,"column":2}},"21":{"start":{"line":22,"column":0},"end":{"line":22,"column":0}},"22":{"start":{"line":23,"column":0},"end":{"line":23,"column":32}}},"s":{"0":1,"1":1,"2":1,"3":1,"4":2,"5":2,"6":2,"7":2,"8":2,"9":2,"10":2,"11":2,"12":2,"13":2,"14":2,"15":2,"16":2,"17":2,"18":2,"19":2,"20":2,"21":1,"22":1},"branchMap":{"0":{"type":"branch","line":4,"loc":{"start":{"line":4,"column":25},"end":{"line":21,"column":2}},"locations":[{"start":{"line":4,"column":25},"end":{"line":21,"column":2}}]}},"b":{"0":[2]},"fnMap":{"0":{"name":"CreateTaskButton","decl":{"start":{"line":4,"column":25},"end":{"line":21,"column":2}},"loc":{"start":{"line":4,"column":25},"end":{"line":21,"column":2}},"line":4}},"f":{"0":2}}
,"/Users/user/task-manager/src/components/Tasks/Task.tsx": {"path":"/Users/user/task-manager/src/components/Tasks/Task.tsx","all":false,"statementMap":{"0":{"start":{"line":1,"column":0},"end":{"line":1,"column":46}},"1":{"start":{"line":2,"column":0},"end":{"line":2,"column":40}},"2":{"start":{"line":3,"column":0},"end":{"line":3,"column":59}},"3":{"start":{"line":4,"column":0},"end":{"line":4,"column":8}},"4":{"start":{"line":5,"column":0},"end":{"line":5,"column":10}},"5":{"start":{"line":6,"column":0},"end":{"line":6,"column":17}},"6":{"start":{"line":7,"column":0},"end":{"line":7,"column":17}},"7":{"start":{"line":8,"column":0},"end":{"line":8,"column":33}},"8":{"start":{"line":9,"column":0},"end":{"line":9,"column":53}},"9":{"start":{"line":10,"column":0},"end":{"line":10,"column":0}},"10":{"start":{"line":11,"column":0},"end":{"line":11,"column":21}},"11":{"start":{"line":12,"column":0},"end":{"line":12,"column":17}},"12":{"start":{"line":13,"column":0},"end":{"line":13,"column":16}},"13":{"start":{"line":14,"column":0},"end":{"line":14,"column":31}},"14":{"start":{"line":15,"column":0},"end":{"line":15,"column":31}},"15":{"start":{"line":16,"column":0},"end":{"line":16,"column":76}},"16":{"start":{"line":17,"column":0},"end":{"line":17,"column":74}},"17":{"start":{"line":18,"column":0},"end":{"line":18,"column":26}},"18":{"start":{"line":19,"column":0},"end":{"line":19,"column":70}},"19":{"start":{"line":20,"column":0},"end":{"line":20,"column":24}},"20":{"start":{"line":21,"column":0},"end":{"line":21,"column":39}},"21":{"start":{"line":22,"column":0},"end":{"line":22,"column":1}},"22":{"start":{"line":23,"column":0},"end":{"line":23,"column":0}},"23":{"start":{"line":24,"column":0},"end":{"line":24,"column":22}},"24":{"start":{"line":25,"column":0},"end":{"line":25,"column":7}},"25":{"start":{"line":26,"column":0},"end":{"line":26,"column":8}},"26":{"start":{"line":27,"column":0},"end":{"line":27,"column":16}},"27":{"start":{"line":28,"column":0},"end":{"line":28,"column":16}},"28":{"start":{"line":29,"column":0},"end":{"line":29,"column":14}},"29":{"start":{"line":30,"column":0},"end":{"line":30,"column":13}},"30":{"start":{"line":31,"column":0},"end":{"line":31,"column":14}},"31":{"start":{"line":32,"column":0},"end":{"line":32,"column":9}},"32":{"start":{"line":33,"column":0},"end":{"line":33,"column":12}},"33":{"start":{"line":34,"column":0},"end":{"line":34,"column":13}},"34":{"start":{"line":35,"column":0},"end":{"line":35,"column":18}},"35":{"start":{"line":36,"column":0},"end":{"line":36,"column":40}},"36":{"start":{"line":37,"column":0},"end":{"line":37,"column":51}},"37":{"start":{"line":38,"column":0},"end":{"line":38,"column":0}},"38":{"start":{"line":39,"column":0},"end":{"line":39,"column":50}},"39":{"start":{"line":40,"column":0},"end":{"line":40,"column":22}},"40":{"start":{"line":41,"column":0},"end":{"line":41,"column":28}},"41":{"start":{"line":42,"column":0},"end":{"line":42,"column":25}},"42":{"start":{"line":43,"column":0},"end":{"line":43,"column":4}},"43":{"start":{"line":44,"column":0},"end":{"line":44,"column":0}},"44":{"start":{"line":45,"column":0},"end":{"line":45,"column":30}},"45":{"start":{"line":46,"column":0},"end":{"line":46,"column":48}},"46":{"start":{"line":47,"column":0},"end":{"line":47,"column":58}},"47":{"start":{"line":48,"column":0},"end":{"line":48,"column":41}},"48":{"start":{"line":49,"column":0},"end":{"line":49,"column":6}},"49":{"start":{"line":50,"column":0},"end":{"line":50,"column":64}},"50":{"start":{"line":51,"column":0},"end":{"line":51,"column":27}},"51":{"start":{"line":52,"column":0},"end":{"line":52,"column":4}},"52":{"start":{"line":53,"column":0},"end":{"line":53,"column":0}},"53":{"start":{"line":54,"column":0},"end":{"line":54,"column":10}},"54":{"start":{"line":55,"column":0},"end":{"line":55,"column":8}},"55":{"start":{"line":56,"column":0},"end":{"line":56,"column":259}},"56":{"start":{"line":57,"column":0},"end":{"line":57,"column":15}},"57":{"start":{"line":58,"column":0},"end":{"line":58,"column":50}},"58":{"start":{"line":59,"column":0},"end":{"line":59,"column":46}},"59":{"start":{"line":60,"column":0},"end":{"line":60,"column":31}},"60":{"start":{"line":61,"column":0},"end":{"line":61,"column":38}},"61":{"start":{"line":62,"column":0},"end":{"line":62,"column":27}},"62":{"start":{"line":63,"column":0},"end":{"line":63,"column":29}},"63":{"start":{"line":64,"column":0},"end":{"line":64,"column":5}},"64":{"start":{"line":65,"column":0},"end":{"line":65,"column":61}},"65":{"start":{"line":66,"column":0},"end":{"line":66,"column":33}},"66":{"start":{"line":67,"column":0},"end":{"line":67,"column":17}},"67":{"start":{"line":68,"column":0},"end":{"line":68,"column":26}},"68":{"start":{"line":69,"column":0},"end":{"line":69,"column":68}},"69":{"start":{"line":70,"column":0},"end":{"line":70,"column":71}},"70":{"start":{"line":71,"column":0},"end":{"line":71,"column":17}},"71":{"start":{"line":72,"column":0},"end":{"line":72,"column":27}},"72":{"start":{"line":73,"column":0},"end":{"line":73,"column":26}},"73":{"start":{"line":74,"column":0},"end":{"line":74,"column":25}},"74":{"start":{"line":75,"column":0},"end":{"line":75,"column":27}},"75":{"start":{"line":76,"column":0},"end":{"line":76,"column":18}},"76":{"start":{"line":77,"column":0},"end":{"line":77,"column":12}},"77":{"start":{"line":78,"column":0},"end":{"line":78,"column":56}},"78":{"start":{"line":79,"column":0},"end":{"line":79,"column":12}},"79":{"start":{"line":80,"column":0},"end":{"line":80,"column":76}},"80":{"start":{"line":81,"column":0},"end":{"line":81,"column":15}},"81":{"start":{"line":82,"column":0},"end":{"line":82,"column":45}},"82":{"start":{"line":83,"column":0},"end":{"line":83,"column":64}},"83":{"start":{"line":84,"column":0},"end":{"line":84,"column":12}},"84":{"start":{"line":85,"column":0},"end":{"line":85,"column":12}},"85":{"start":{"line":86,"column":0},"end":{"line":86,"column":15}},"86":{"start":{"line":87,"column":0},"end":{"line":87,"column":32}},"87":{"start":{"line":88,"column":0},"end":{"line":88,"column":58}},"88":{"start":{"line":89,"column":0},"end":{"line":89,"column":36}},"89":{"start":{"line":90,"column":0},"end":{"line":90,"column":52}},"90":{"start":{"line":91,"column":0},"end":{"line":91,"column":28}},"91":{"start":{"line":92,"column":0},"end":{"line":92,"column":14}},"92":{"start":{"line":93,"column":0},"end":{"line":93,"column":25}},"93":{"start":{"line":94,"column":0},"end":{"line":94,"column":24}},"94":{"start":{"line":95,"column":0},"end":{"line":95,"column":30}},"95":{"start":{"line":96,"column":0},"end":{"line":96,"column":25}},"96":{"start":{"line":97,"column":0},"end":{"line":97,"column":16}},"97":{"start":{"line":98,"column":0},"end":{"line":98,"column":62}},"98":{"start":{"line":99,"column":0},"end":{"line":99,"column":15}},"99":{"start":{"line":100,"column":0},"end":{"line":100,"column":22}},"100":{"start":{"line":101,"column":0},"end":{"line":101,"column":122}},"101":{"start":{"line":102,"column":0},"end":{"line":102,"column":45}},"102":{"start":{"line":103,"column":0},"end":{"line":103,"column":9}},"103":{"start":{"line":104,"column":0},"end":{"line":104,"column":18}},"104":{"start":{"line":105,"column":0},"end":{"line":105,"column":17}},"105":{"start":{"line":106,"column":0},"end":{"line":106,"column":15}},"106":{"start":{"line":107,"column":0},"end":{"line":107,"column":24}},"107":{"start":{"line":108,"column":0},"end":{"line":108,"column":119}},"108":{"start":{"line":109,"column":0},"end":{"line":109,"column":32}},"109":{"start":{"line":110,"column":0},"end":{"line":110,"column":9}},"110":{"start":{"line":111,"column":0},"end":{"line":111,"column":19}},"111":{"start":{"line":112,"column":0},"end":{"line":112,"column":17}},"112":{"start":{"line":113,"column":0},"end":{"line":113,"column":12}},"113":{"start":{"line":114,"column":0},"end":{"line":114,"column":10}},"114":{"start":{"line":115,"column":0},"end":{"line":115,"column":4}},"115":{"start":{"line":116,"column":0},"end":{"line":116,"column":2}},"116":{"start":{"line":117,"column":0},"end":{"line":117,"column":0}},"117":{"start":{"line":118,"column":0},"end":{"line":118,"column":20}}},"s":{"0":1,"1":1,"2":1,"3":1,"4":1,"5":1,"6":1,"7":1,"8":1,"9":1,"10":1,"11":1,"12":1,"13":1,"14":1,"15":1,"16":1,"17":1,"18":1,"19":1,"20":1,"21":1,"22":1,"23":1,"24":12,"25":12,"26":12,"27":12,"28":12,"29":12,"30":12,"31":12,"32":12,"33":12,"34":12,"35":12,"36":12,"37":12,"38":12,"39":12,"40":12,"41":12,"42":12,"43":12,"44":12,"45":0,"46":0,"47":0,"48":0,"49":0,"50":0,"51":12,"52":12,"53":12,"54":12,"55":12,"56":12,"57":12,"58":12,"59":12,"60":12,"61":12,"62":12,"63":12,"64":12,"65":12,"66":12,"67":12,"68":12,"69":12,"70":12,"71":12,"72":12,"73":12,"74":12,"75":12,"76":12,"77":12,"78":12,"79":12,"80":12,"81":12,"82":12,"83":12,"84":12,"85":12,"86":12,"87":12,"88":12,"89":12,"90":12,"91":12,"92":12,"93":12,"94":12,"95":12,"96":12,"97":12,"98":12,"99":12,"100":12,"101":12,"102":12,"103":12,"104":12,"105":12,"106":12,"107":12,"108":12,"109":12,"110":12,"111":12,"112":12,"113":12,"114":12,"115":12,"116":1,"117":1},"branchMap":{"0":{"type":"branch","line":24,"loc":{"start":{"line":24,"column":20},"end":{"line":116,"column":2}},"locations":[{"start":{"line":24,"column":20},"end":{"line":116,"column":2}}]},"1":{"type":"branch","line":56,"loc":{"start":{"line":56,"column":86},"end":{"line":56,"column":123}},"locations":[{"start":{"line":56,"column":86},"end":{"line":56,"column":123}}]},"2":{"type":"branch","line":56,"loc":{"start":{"line":56,"column":150},"end":{"line":56,"column":190}},"locations":[{"start":{"line":56,"column":150},"end":{"line":56,"column":190}}]},"3":{"type":"branch","line":70,"loc":{"start":{"line":70,"column":32},"end":{"line":70,"column":63}},"locations":[{"start":{"line":70,"column":32},"end":{"line":70,"column":63}}]},"4":{"type":"branch","line":90,"loc":{"start":{"line":90,"column":14},"end":{"line":90,"column":52}},"locations":[{"start":{"line":90,"column":14},"end":{"line":90,"column":52}}]},"5":{"type":"branch","line":58,"loc":{"start":{"line":58,"column":19},"end":{"line":58,"column":49}},"locations":[{"start":{"line":58,"column":19},"end":{"line":58,"column":49}}]},"6":{"type":"branch","line":59,"loc":{"start":{"line":59,"column":18},"end":{"line":59,"column":45}},"locations":[{"start":{"line":59,"column":18},"end":{"line":59,"column":45}}]},"7":{"type":"branch","line":61,"loc":{"start":{"line":61,"column":14},"end":{"line":61,"column":37}},"locations":[{"start":{"line":61,"column":14},"end":{"line":61,"column":37}}]}},"b":{"0":[12],"1":[1],"2":[1],"3":[0],"4":[0],"5":[1],"6":[1],"7":[1]},"fnMap":{"0":{"name":"Task","decl":{"start":{"line":24,"column":20},"end":{"line":116,"column":2}},"loc":{"start":{"line":24,"column":20},"end":{"line":116,"column":2}},"line":24},"1":{"name":"handleDelete","decl":{"start":{"line":45,"column":23},"end":{"line":52,"column":3}},"loc":{"start":{"line":45,"column":23},"end":{"line":52,"column":3}},"line":45},"2":{"name":"onDragStart","decl":{"start":{"line":58,"column":19},"end":{"line":58,"column":49}},"loc":{"start":{"line":58,"column":19},"end":{"line":58,"column":49}},"line":58},"3":{"name":"onDragOver","decl":{"start":{"line":59,"column":18},"end":{"line":59,"column":45}},"loc":{"start":{"line":59,"column":18},"end":{"line":59,"column":45}},"line":59},"4":{"name":"onDrop","decl":{"start":{"line":61,"column":14},"end":{"line":61,"column":37}},"loc":{"start":{"line":61,"column":14},"end":{"line":61,"column":37}},"line":61},"5":{"name":"onClick","decl":{"start":{"line":102,"column":19},"end":{"line":102,"column":44}},"loc":{"start":{"line":102,"column":19},"end":{"line":102,"column":44}},"line":102}},"f":{"0":12,"1":0,"2":1,"3":1,"4":1,"5":0}}
,"/Users/user/task-manager/src/components/Tasks/TaskModal.tsx": {"path":"/Users/user/task-manager/src/components/Tasks/TaskModal.tsx","all":false,"statementMap":{"0":{"start":{"line":1,"column":0},"end":{"line":1,"column":52}},"1":{"start":{"line":2,"column":0},"end":{"line":2,"column":59}},"2":{"start":{"line":3,"column":0},"end":{"line":3,"column":55}},"3":{"start":{"line":4,"column":0},"end":{"line":4,"column":8}},"4":{"start":{"line":5,"column":0},"end":{"line":5,"column":9}},"5":{"start":{"line":6,"column":0},"end":{"line":6,"column":16}},"6":{"start":{"line":7,"column":0},"end":{"line":7,"column":13}},"7":{"start":{"line":8,"column":0},"end":{"line":8,"column":16}},"8":{"start":{"line":9,"column":0},"end":{"line":9,"column":14}},"9":{"start":{"line":10,"column":0},"end":{"line":10,"column":32}},"10":{"start":{"line":11,"column":0},"end":{"line":11,"column":46}},"11":{"start":{"line":12,"column":0},"end":{"line":12,"column":46}},"12":{"start":{"line":13,"column":0},"end":{"line":13,"column":52}},"13":{"start":{"line":14,"column":0},"end":{"line":14,"column":0}},"14":{"start":{"line":15,"column":0},"end":{"line":15,"column":20}},"15":{"start":{"line":16,"column":0},"end":{"line":16,"column":14}},"16":{"start":{"line":17,"column":0},"end":{"line":17,"column":19}},"17":{"start":{"line":18,"column":0},"end":{"line":18,"column":18}},"18":{"start":{"line":19,"column":0},"end":{"line":19,"column":9}},"19":{"start":{"line":20,"column":0},"end":{"line":20,"column":22}},"20":{"start":{"line":21,"column":0},"end":{"line":21,"column":40}},"21":{"start":{"line":22,"column":0},"end":{"line":22,"column":48}},"22":{"start":{"line":23,"column":0},"end":{"line":23,"column":19}},"23":{"start":{"line":24,"column":0},"end":{"line":24,"column":13}},"24":{"start":{"line":25,"column":0},"end":{"line":25,"column":20}},"25":{"start":{"line":26,"column":0},"end":{"line":26,"column":20}},"26":{"start":{"line":27,"column":0},"end":{"line":27,"column":5}},"27":{"start":{"line":28,"column":0},"end":{"line":28,"column":51}},"28":{"start":{"line":29,"column":0},"end":{"line":29,"column":0}},"29":{"start":{"line":30,"column":0},"end":{"line":30,"column":48}},"30":{"start":{"line":31,"column":0},"end":{"line":31,"column":0}},"31":{"start":{"line":32,"column":0},"end":{"line":32,"column":24}},"32":{"start":{"line":33,"column":0},"end":{"line":33,"column":6}},"33":{"start":{"line":34,"column":0},"end":{"line":34,"column":43}},"34":{"start":{"line":35,"column":0},"end":{"line":35,"column":46}},"35":{"start":{"line":36,"column":0},"end":{"line":36,"column":45}},"36":{"start":{"line":37,"column":0},"end":{"line":37,"column":8}},"37":{"start":{"line":38,"column":0},"end":{"line":38,"column":19}},"38":{"start":{"line":39,"column":0},"end":{"line":39,"column":39}},"39":{"start":{"line":40,"column":0},"end":{"line":40,"column":55}},"40":{"start":{"line":41,"column":0},"end":{"line":41,"column":5}},"41":{"start":{"line":42,"column":0},"end":{"line":42,"column":4}},"42":{"start":{"line":43,"column":0},"end":{"line":43,"column":0}},"43":{"start":{"line":44,"column":0},"end":{"line":44,"column":30}},"44":{"start":{"line":45,"column":0},"end":{"line":45,"column":77}},"45":{"start":{"line":46,"column":0},"end":{"line":46,"column":48}},"46":{"start":{"line":47,"column":0},"end":{"line":47,"column":25}},"47":{"start":{"line":48,"column":0},"end":{"line":48,"column":14}},"48":{"start":{"line":49,"column":0},"end":{"line":49,"column":60}},"49":{"start":{"line":50,"column":0},"end":{"line":50,"column":6}},"50":{"start":{"line":51,"column":0},"end":{"line":51,"column":53}},"51":{"start":{"line":52,"column":0},"end":{"line":52,"column":23}},"52":{"start":{"line":53,"column":0},"end":{"line":53,"column":4}},"53":{"start":{"line":54,"column":0},"end":{"line":54,"column":0}},"54":{"start":{"line":55,"column":0},"end":{"line":55,"column":30}},"55":{"start":{"line":56,"column":0},"end":{"line":56,"column":48}},"56":{"start":{"line":57,"column":0},"end":{"line":57,"column":26}},"57":{"start":{"line":58,"column":0},"end":{"line":58,"column":12}},"58":{"start":{"line":59,"column":0},"end":{"line":59,"column":42}},"59":{"start":{"line":60,"column":0},"end":{"line":60,"column":47}},"60":{"start":{"line":61,"column":0},"end":{"line":61,"column":8}},"61":{"start":{"line":62,"column":0},"end":{"line":62,"column":6}},"62":{"start":{"line":63,"column":0},"end":{"line":63,"column":0}},"63":{"start":{"line":64,"column":0},"end":{"line":64,"column":64}},"64":{"start":{"line":65,"column":0},"end":{"line":65,"column":27}},"65":{"start":{"line":66,"column":0},"end":{"line":66,"column":23}},"66":{"start":{"line":67,"column":0},"end":{"line":67,"column":4}},"67":{"start":{"line":68,"column":0},"end":{"line":68,"column":0}},"68":{"start":{"line":69,"column":0},"end":{"line":69,"column":30}},"69":{"start":{"line":70,"column":0},"end":{"line":70,"column":30}},"70":{"start":{"line":71,"column":0},"end":{"line":71,"column":4}},"71":{"start":{"line":72,"column":0},"end":{"line":72,"column":0}},"72":{"start":{"line":73,"column":0},"end":{"line":73,"column":19}},"73":{"start":{"line":74,"column":0},"end":{"line":74,"column":55}},"74":{"start":{"line":75,"column":0},"end":{"line":75,"column":56}},"75":{"start":{"line":76,"column":0},"end":{"line":76,"column":0}},"76":{"start":{"line":77,"column":0},"end":{"line":77,"column":66}},"77":{"start":{"line":78,"column":0},"end":{"line":78,"column":27}},"78":{"start":{"line":79,"column":0},"end":{"line":79,"column":7}},"79":{"start":{"line":80,"column":0},"end":{"line":80,"column":6}},"80":{"start":{"line":81,"column":0},"end":{"line":81,"column":0}},"81":{"start":{"line":82,"column":0},"end":{"line":82,"column":22}},"82":{"start":{"line":83,"column":0},"end":{"line":83,"column":65}},"83":{"start":{"line":84,"column":0},"end":{"line":84,"column":5}},"84":{"start":{"line":85,"column":0},"end":{"line":85,"column":0}},"85":{"start":{"line":86,"column":0},"end":{"line":86,"column":18}},"86":{"start":{"line":87,"column":0},"end":{"line":87,"column":68}},"87":{"start":{"line":88,"column":0},"end":{"line":88,"column":6}},"88":{"start":{"line":89,"column":0},"end":{"line":89,"column":38}},"89":{"start":{"line":90,"column":0},"end":{"line":90,"column":0}},"90":{"start":{"line":91,"column":0},"end":{"line":91,"column":19}},"91":{"start":{"line":92,"column":0},"end":{"line":92,"column":26}},"92":{"start":{"line":93,"column":0},"end":{"line":93,"column":49}},"93":{"start":{"line":94,"column":0},"end":{"line":94,"column":30}},"94":{"start":{"line":95,"column":0},"end":{"line":95,"column":65}},"95":{"start":{"line":96,"column":0},"end":{"line":96,"column":15}},"96":{"start":{"line":97,"column":0},"end":{"line":97,"column":24}},"97":{"start":{"line":98,"column":0},"end":{"line":98,"column":30}},"98":{"start":{"line":99,"column":0},"end":{"line":99,"column":14}},"99":{"start":{"line":100,"column":0},"end":{"line":100,"column":24}},"100":{"start":{"line":101,"column":0},"end":{"line":101,"column":7}},"101":{"start":{"line":102,"column":0},"end":{"line":102,"column":5}},"102":{"start":{"line":103,"column":0},"end":{"line":103,"column":21}},"103":{"start":{"line":104,"column":0},"end":{"line":104,"column":0}},"104":{"start":{"line":105,"column":0},"end":{"line":105,"column":32}},"105":{"start":{"line":106,"column":0},"end":{"line":106,"column":0}},"106":{"start":{"line":107,"column":0},"end":{"line":107,"column":10}},"107":{"start":{"line":108,"column":0},"end":{"line":108,"column":8}},"108":{"start":{"line":109,"column":0},"end":{"line":109,"column":81}},"109":{"start":{"line":110,"column":0},"end":{"line":110,"column":19}},"110":{"start":{"line":111,"column":0},"end":{"line":111,"column":23}},"111":{"start":{"line":112,"column":0},"end":{"line":112,"column":23}},"112":{"start":{"line":113,"column":0},"end":{"line":113,"column":5}},"113":{"start":{"line":114,"column":0},"end":{"line":114,"column":122}},"114":{"start":{"line":115,"column":0},"end":{"line":115,"column":49}},"115":{"start":{"line":116,"column":0},"end":{"line":116,"column":65}},"116":{"start":{"line":117,"column":0},"end":{"line":117,"column":59}},"117":{"start":{"line":118,"column":0},"end":{"line":118,"column":15}},"118":{"start":{"line":119,"column":0},"end":{"line":119,"column":90}},"119":{"start":{"line":120,"column":0},"end":{"line":120,"column":82}},"120":{"start":{"line":121,"column":0},"end":{"line":121,"column":56}},"121":{"start":{"line":122,"column":0},"end":{"line":122,"column":22}},"122":{"start":{"line":123,"column":0},"end":{"line":123,"column":32}},"123":{"start":{"line":124,"column":0},"end":{"line":124,"column":60}},"124":{"start":{"line":125,"column":0},"end":{"line":125,"column":17}},"125":{"start":{"line":126,"column":0},"end":{"line":126,"column":28}},"126":{"start":{"line":127,"column":0},"end":{"line":127,"column":24}},"127":{"start":{"line":128,"column":0},"end":{"line":128,"column":22}},"128":{"start":{"line":129,"column":0},"end":{"line":129,"column":29}},"129":{"start":{"line":130,"column":0},"end":{"line":130,"column":29}},"130":{"start":{"line":131,"column":0},"end":{"line":131,"column":27}},"131":{"start":{"line":132,"column":0},"end":{"line":132,"column":42}},"132":{"start":{"line":133,"column":0},"end":{"line":133,"column":48}},"133":{"start":{"line":134,"column":0},"end":{"line":134,"column":36}},"134":{"start":{"line":135,"column":0},"end":{"line":135,"column":41}},"135":{"start":{"line":136,"column":0},"end":{"line":136,"column":36}},"136":{"start":{"line":137,"column":0},"end":{"line":137,"column":18}},"137":{"start":{"line":138,"column":0},"end":{"line":138,"column":20}},"138":{"start":{"line":139,"column":0},"end":{"line":139,"column":45}},"139":{"start":{"line":140,"column":0},"end":{"line":140,"column":22}},"140":{"start":{"line":141,"column":0},"end":{"line":141,"column":36}},"141":{"start":{"line":142,"column":0},"end":{"line":142,"column":60}},"142":{"start":{"line":143,"column":0},"end":{"line":143,"column":17}},"143":{"start":{"line":144,"column":0},"end":{"line":144,"column":26}},"144":{"start":{"line":145,"column":0},"end":{"line":145,"column":24}},"145":{"start":{"line":146,"column":0},"end":{"line":146,"column":23}},"146":{"start":{"line":147,"column":0},"end":{"line":147,"column":36}},"147":{"start":{"line":148,"column":0},"end":{"line":148,"column":33}},"148":{"start":{"line":149,"column":0},"end":{"line":149,"column":43}},"149":{"start":{"line":150,"column":0},"end":{"line":150,"column":41}},"150":{"start":{"line":151,"column":0},"end":{"line":151,"column":30}},"151":{"start":{"line":152,"column":0},"end":{"line":152,"column":54}},"152":{"start":{"line":153,"column":0},"end":{"line":153,"column":23}},"153":{"start":{"line":154,"column":0},"end":{"line":154,"column":19}},"154":{"start":{"line":155,"column":0},"end":{"line":155,"column":40}},"155":{"start":{"line":156,"column":0},"end":{"line":156,"column":17}},"156":{"start":{"line":157,"column":0},"end":{"line":157,"column":80}},"157":{"start":{"line":158,"column":0},"end":{"line":158,"column":35}},"158":{"start":{"line":159,"column":0},"end":{"line":159,"column":34}},"159":{"start":{"line":160,"column":0},"end":{"line":160,"column":54}},"160":{"start":{"line":161,"column":0},"end":{"line":161,"column":60}},"161":{"start":{"line":162,"column":0},"end":{"line":162,"column":66}},"162":{"start":{"line":163,"column":0},"end":{"line":163,"column":62}},"163":{"start":{"line":164,"column":0},"end":{"line":164,"column":34}},"164":{"start":{"line":165,"column":0},"end":{"line":165,"column":25}},"165":{"start":{"line":166,"column":0},"end":{"line":166,"column":20}},"166":{"start":{"line":167,"column":0},"end":{"line":167,"column":18}},"167":{"start":{"line":168,"column":0},"end":{"line":168,"column":48}},"168":{"start":{"line":169,"column":0},"end":{"line":169,"column":20}},"169":{"start":{"line":170,"column":0},"end":{"line":170,"column":37}},"170":{"start":{"line":171,"column":0},"end":{"line":171,"column":58}},"171":{"start":{"line":172,"column":0},"end":{"line":172,"column":15}},"172":{"start":{"line":173,"column":0},"end":{"line":173,"column":27}},"173":{"start":{"line":174,"column":0},"end":{"line":174,"column":22}},"174":{"start":{"line":175,"column":0},"end":{"line":175,"column":23}},"175":{"start":{"line":176,"column":0},"end":{"line":176,"column":34}},"176":{"start":{"line":177,"column":0},"end":{"line":177,"column":32}},"177":{"start":{"line":178,"column":0},"end":{"line":178,"column":57}},"178":{"start":{"line":179,"column":0},"end":{"line":179,"column":67}},"179":{"start":{"line":180,"column":0},"end":{"line":180,"column":41}},"180":{"start":{"line":181,"column":0},"end":{"line":181,"column":39}},"181":{"start":{"line":182,"column":0},"end":{"line":182,"column":16}},"182":{"start":{"line":183,"column":0},"end":{"line":183,"column":18}},"183":{"start":{"line":184,"column":0},"end":{"line":184,"column":16}},"184":{"start":{"line":185,"column":0},"end":{"line":185,"column":58}},"185":{"start":{"line":186,"column":0},"end":{"line":186,"column":19}},"186":{"start":{"line":187,"column":0},"end":{"line":187,"column":27}},"187":{"start":{"line":188,"column":0},"end":{"line":188,"column":69}},"188":{"start":{"line":189,"column":0},"end":{"line":189,"column":28}},"189":{"start":{"line":190,"column":0},"end":{"line":190,"column":26}},"190":{"start":{"line":191,"column":0},"end":{"line":191,"column":54}},"191":{"start":{"line":192,"column":0},"end":{"line":192,"column":58}},"192":{"start":{"line":193,"column":0},"end":{"line":193,"column":47}},"193":{"start":{"line":194,"column":0},"end":{"line":194,"column":36}},"194":{"start":{"line":195,"column":0},"end":{"line":195,"column":13}},"195":{"start":{"line":196,"column":0},"end":{"line":196,"column":18}},"196":{"start":{"line":197,"column":0},"end":{"line":197,"column":21}},"197":{"start":{"line":198,"column":0},"end":{"line":198,"column":19}},"198":{"start":{"line":199,"column":0},"end":{"line":199,"column":27}},"199":{"start":{"line":200,"column":0},"end":{"line":200,"column":36}},"200":{"start":{"line":201,"column":0},"end":{"line":201,"column":101}},"201":{"start":{"line":202,"column":0},"end":{"line":202,"column":13}},"202":{"start":{"line":203,"column":0},"end":{"line":203,"column":20}},"203":{"start":{"line":204,"column":0},"end":{"line":204,"column":21}},"204":{"start":{"line":205,"column":0},"end":{"line":205,"column":16}},"205":{"start":{"line":206,"column":0},"end":{"line":206,"column":14}},"206":{"start":{"line":207,"column":0},"end":{"line":207,"column":12}},"207":{"start":{"line":208,"column":0},"end":{"line":208,"column":10}},"208":{"start":{"line":209,"column":0},"end":{"line":209,"column":4}},"209":{"start":{"line":210,"column":0},"end":{"line":210,"column":2}},"210":{"start":{"line":211,"column":0},"end":{"line":211,"column":0}},"211":{"start":{"line":212,"column":0},"end":{"line":212,"column":25}}},"s":{"0":1,"1":1,"2":1,"3":1,"4":1,"5":1,"6":1,"7":1,"8":1,"9":1,"10":1,"11":1,"12":1,"13":1,"14":1,"15":9,"16":9,"17":9,"18":9,"19":9,"20":9,"21":9,"22":9,"23":9,"24":9,"25":9,"26":9,"27":9,"28":9,"29":9,"30":9,"31":9,"32":0,"33":0,"34":0,"35":0,"36":0,"37":0,"38":0,"39":0,"40":0,"41":9,"42":9,"43":9,"44":0,"45":0,"46":0,"47":0,"48":0,"49":0,"50":0,"51":0,"52":9,"53":9,"54":9,"55":1,"56":1,"57":1,"58":1,"59":1,"60":1,"61":1,"62":1,"63":1,"64":1,"65":1,"66":9,"67":9,"68":9,"69":1,"70":9,"71":9,"72":9,"73":7,"74":2,"75":2,"76":2,"77":1,"78":1,"79":7,"80":7,"81":7,"82":7,"83":7,"84":7,"85":7,"86":7,"87":7,"88":9,"89":9,"90":9,"91":7,"92":2,"93":2,"94":2,"95":2,"96":2,"97":2,"98":2,"99":0,"100":0,"101":2,"102":9,"103":9,"104":9,"105":9,"106":9,"107":9,"108":9,"109":9,"110":9,"111":9,"112":9,"113":9,"114":9,"115":9,"116":9,"117":9,"118":9,"119":9,"120":9,"121":9,"122":9,"123":9,"124":9,"125":9,"126":9,"127":9,"128":9,"129":9,"130":9,"131":9,"132":9,"133":9,"134":9,"135":9,"136":9,"137":9,"138":9,"139":9,"140":9,"141":9,"142":9,"143":9,"144":9,"145":9,"146":9,"147":9,"148":9,"149":0,"150":0,"151":0,"152":0,"153":9,"154":9,"155":9,"156":9,"157":9,"158":9,"159":9,"160":9,"161":9,"162":9,"163":9,"164":9,"165":9,"166":9,"167":9,"168":9,"169":9,"170":9,"171":9,"172":9,"173":9,"174":9,"175":9,"176":9,"177":9,"178":9,"179":9,"180":9,"181":9,"182":9,"183":9,"184":9,"185":9,"186":9,"187":9,"188":9,"189":9,"190":9,"191":9,"192":9,"193":9,"194":9,"195":9,"196":9,"197":9,"198":9,"199":9,"200":9,"201":9,"202":9,"203":9,"204":9,"205":9,"206":9,"207":9,"208":9,"209":9,"210":1,"211":1},"branchMap":{"0":{"type":"branch","line":15,"loc":{"start":{"line":15,"column":18},"end":{"line":210,"column":2}},"locations":[{"start":{"line":15,"column":18},"end":{"line":210,"column":2}}]},"1":{"type":"branch","line":105,"loc":{"start":{"line":105,"column":20},"end":{"line":105,"column":32}},"locations":[{"start":{"line":105,"column":20},"end":{"line":105,"column":32}}]},"2":{"type":"branch","line":117,"loc":{"start":{"line":117,"column":29},"end":{"line":117,"column":42}},"locations":[{"start":{"line":117,"column":29},"end":{"line":117,"column":42}}]},"3":{"type":"branch","line":117,"loc":{"start":{"line":117,"column":43},"end":{"line":117,"column":58}},"locations":[{"start":{"line":117,"column":43},"end":{"line":117,"column":58}}]},"4":{"type":"branch","line":188,"loc":{"start":{"line":188,"column":39},"end":{"line":188,"column":53}},"locations":[{"start":{"line":188,"column":39},"end":{"line":188,"column":53}}]},"5":{"type":"branch","line":188,"loc":{"start":{"line":188,"column":54},"end":{"line":188,"column":68}},"locations":[{"start":{"line":188,"column":54},"end":{"line":188,"column":68}}]},"6":{"type":"branch","line":191,"loc":{"start":{"line":191,"column":18},"end":{"line":191,"column":54}},"locations":[{"start":{"line":191,"column":18},"end":{"line":191,"column":54}}]},"7":{"type":"branch","line":192,"loc":{"start":{"line":192,"column":18},"end":{"line":192,"column":58}},"locations":[{"start":{"line":192,"column":18},"end":{"line":192,"column":58}}]},"8":{"type":"branch","line":55,"loc":{"start":{"line":55,"column":23},"end":{"line":67,"column":3}},"locations":[{"start":{"line":55,"column":23},"end":{"line":67,"column":3}}]},"9":{"type":"branch","line":59,"loc":{"start":{"line":59,"column":25},"end":{"line":59,"column":33}},"locations":[{"start":{"line":59,"column":25},"end":{"line":59,"column":33}}]},"10":{"type":"branch","line":60,"loc":{"start":{"line":60,"column":8},"end":{"line":60,"column":46}},"locations":[{"start":{"line":60,"column":8},"end":{"line":60,"column":46}}]},"11":{"type":"branch","line":69,"loc":{"start":{"line":69,"column":23},"end":{"line":71,"column":3}},"locations":[{"start":{"line":69,"column":23},"end":{"line":71,"column":3}}]},"12":{"type":"branch","line":73,"loc":{"start":{"line":73,"column":12},"end":{"line":89,"column":3}},"locations":[{"start":{"line":73,"column":12},"end":{"line":89,"column":3}}]},"13":{"type":"branch","line":74,"loc":{"start":{"line":74,"column":31},"end":{"line":80,"column":5}},"locations":[{"start":{"line":74,"column":31},"end":{"line":80,"column":5}}]},"14":{"type":"branch","line":77,"loc":{"start":{"line":77,"column":65},"end":{"line":79,"column":7}},"locations":[{"start":{"line":77,"column":65},"end":{"line":79,"column":7}}]},"15":{"type":"branch","line":86,"loc":{"start":{"line":86,"column":11},"end":{"line":88,"column":5}},"locations":[{"start":{"line":86,"column":11},"end":{"line":88,"column":5}}]},"16":{"type":"branch","line":91,"loc":{"start":{"line":91,"column":12},"end":{"line":103,"column":3}},"locations":[{"start":{"line":91,"column":12},"end":{"line":103,"column":3}}]},"17":{"type":"branch","line":92,"loc":{"start":{"line":92,"column":25},"end":{"line":102,"column":5}},"locations":[{"start":{"line":92,"column":25},"end":{"line":102,"column":5}}]},"18":{"type":"branch","line":96,"loc":{"start":{"line":96,"column":8},"end":{"line":96,"column":14}},"locations":[{"start":{"line":96,"column":8},"end":{"line":96,"column":14}}]},"19":{"type":"branch","line":99,"loc":{"start":{"line":99,"column":7},"end":{"line":101,"column":7}},"locations":[{"start":{"line":99,"column":7},"end":{"line":101,"column":7}}]},"20":{"type":"branch","line":95,"loc":{"start":{"line":95,"column":32},"end":{"line":95,"column":64}},"locations":[{"start":{"line":95,"column":32},"end":{"line":95,"column":64}}]}},"b":{"0":[9],"1":[0],"2":[4],"3":[5],"4":[4],"5":[5],"6":[2],"7":[7],"8":[1],"9":[0],"10":[1],"11":[1],"12":[7],"13":[2],"14":[1],"15":[7],"16":[7],"17":[2],"18":[0],"19":[0],"20":[2]},"fnMap":{"0":{"name":"TaskModal","decl":{"start":{"line":15,"column":18},"end":{"line":210,"column":2}},"loc":{"start":{"line":15,"column":18},"end":{"line":210,"column":2}},"line":15},"1":{"name":"handleChange","decl":{"start":{"line":32,"column":23},"end":{"line":42,"column":3}},"loc":{"start":{"line":32,"column":23},"end":{"line":42,"column":3}},"line":32},"2":{"name":"handleCreate","decl":{"start":{"line":44,"column":23},"end":{"line":53,"column":3}},"loc":{"start":{"line":44,"column":23},"end":{"line":53,"column":3}},"line":44},"3":{"name":"handleUpdate","decl":{"start":{"line":55,"column":23},"end":{"line":67,"column":3}},"loc":{"start":{"line":55,"column":23},"end":{"line":67,"column":3}},"line":55},"4":{"name":"handleCancel","decl":{"start":{"line":69,"column":23},"end":{"line":71,"column":3}},"loc":{"start":{"line":69,"column":23},"end":{"line":71,"column":3}},"line":69},"5":{"name":"handleClickOutside","decl":{"start":{"line":74,"column":31},"end":{"line":80,"column":5}},"loc":{"start":{"line":74,"column":31},"end":{"line":80,"column":5}},"line":74},"6":{"name":"onValueChange","decl":{"start":{"line":149,"column":33},"end":{"line":153,"column":23}},"loc":{"start":{"line":149,"column":33},"end":{"line":153,"column":23}},"line":149}},"f":{"0":9,"1":0,"2":0,"3":1,"4":1,"5":2,"6":0}}
,"/Users/user/task-manager/src/components/Tasks/index.tsx": {"path":"/Users/user/task-manager/src/components/Tasks/index.tsx","all":false,"statementMap":{"0":{"start":{"line":1,"column":0},"end":{"line":1,"column":40}},"1":{"start":{"line":2,"column":0},"end":{"line":2,"column":26}},"2":{"start":{"line":3,"column":0},"end":{"line":3,"column":40}},"3":{"start":{"line":4,"column":0},"end":{"line":4,"column":55}},"4":{"start":{"line":5,"column":0},"end":{"line":5,"column":0}},"5":{"start":{"line":6,"column":0},"end":{"line":6,"column":19}},"6":{"start":{"line":7,"column":0},"end":{"line":7,"column":8}},"7":{"start":{"line":8,"column":0},"end":{"line":8,"column":13}},"8":{"start":{"line":9,"column":0},"end":{"line":9,"column":4}},"9":{"start":{"line":10,"column":0},"end":{"line":10,"column":20}},"10":{"start":{"line":11,"column":0},"end":{"line":11,"column":39}},"11":{"start":{"line":12,"column":0},"end":{"line":12,"column":7}},"12":{"start":{"line":13,"column":0},"end":{"line":13,"column":40}},"13":{"start":{"line":14,"column":0},"end":{"line":14,"column":0}},"14":{"start":{"line":15,"column":0},"end":{"line":15,"column":74}},"15":{"start":{"line":16,"column":0},"end":{"line":16,"column":74}},"16":{"start":{"line":17,"column":0},"end":{"line":17,"column":0}},"17":{"start":{"line":18,"column":0},"end":{"line":18,"column":27}},"18":{"start":{"line":19,"column":0},"end":{"line":19,"column":39}},"19":{"start":{"line":20,"column":0},"end":{"line":20,"column":19}},"20":{"start":{"line":21,"column":0},"end":{"line":21,"column":8}},"21":{"start":{"line":22,"column":0},"end":{"line":22,"column":29}},"22":{"start":{"line":23,"column":0},"end":{"line":23,"column":42}},"23":{"start":{"line":24,"column":0},"end":{"line":24,"column":4}},"24":{"start":{"line":25,"column":0},"end":{"line":25,"column":0}},"25":{"start":{"line":26,"column":0},"end":{"line":26,"column":26}},"26":{"start":{"line":27,"column":0},"end":{"line":27,"column":39}},"27":{"start":{"line":28,"column":0},"end":{"line":28,"column":18}},"28":{"start":{"line":29,"column":0},"end":{"line":29,"column":8}},"29":{"start":{"line":30,"column":0},"end":{"line":30,"column":23}},"30":{"start":{"line":31,"column":0},"end":{"line":31,"column":39}},"31":{"start":{"line":32,"column":0},"end":{"line":32,"column":28}},"32":{"start":{"line":33,"column":0},"end":{"line":33,"column":4}},"33":{"start":{"line":34,"column":0},"end":{"line":34,"column":0}},"34":{"start":{"line":35,"column":0},"end":{"line":35,"column":33}},"35":{"start":{"line":36,"column":0},"end":{"line":36,"column":27}},"36":{"start":{"line":37,"column":0},"end":{"line":37,"column":4}},"37":{"start":{"line":38,"column":0},"end":{"line":38,"column":0}},"38":{"start":{"line":39,"column":0},"end":{"line":39,"column":77}},"39":{"start":{"line":40,"column":0},"end":{"line":40,"column":23}},"40":{"start":{"line":41,"column":0},"end":{"line":41,"column":31}},"41":{"start":{"line":42,"column":0},"end":{"line":42,"column":0}},"42":{"start":{"line":43,"column":0},"end":{"line":43,"column":33}},"43":{"start":{"line":44,"column":0},"end":{"line":44,"column":50}},"44":{"start":{"line":45,"column":0},"end":{"line":45,"column":49}},"45":{"start":{"line":46,"column":0},"end":{"line":46,"column":50}},"46":{"start":{"line":47,"column":0},"end":{"line":47,"column":54}},"47":{"start":{"line":48,"column":0},"end":{"line":48,"column":8}},"48":{"start":{"line":49,"column":0},"end":{"line":49,"column":61}},"49":{"start":{"line":50,"column":0},"end":{"line":50,"column":41}},"50":{"start":{"line":51,"column":0},"end":{"line":51,"column":62}},"51":{"start":{"line":52,"column":0},"end":{"line":52,"column":25}},"52":{"start":{"line":53,"column":0},"end":{"line":53,"column":29}},"53":{"start":{"line":54,"column":0},"end":{"line":54,"column":29}},"54":{"start":{"line":55,"column":0},"end":{"line":55,"column":5}},"55":{"start":{"line":56,"column":0},"end":{"line":56,"column":4}},"56":{"start":{"line":57,"column":0},"end":{"line":57,"column":0}},"57":{"start":{"line":58,"column":0},"end":{"line":58,"column":31}},"58":{"start":{"line":59,"column":0},"end":{"line":59,"column":27}},"59":{"start":{"line":60,"column":0},"end":{"line":60,"column":27}},"60":{"start":{"line":61,"column":0},"end":{"line":61,"column":4}},"61":{"start":{"line":62,"column":0},"end":{"line":62,"column":0}},"62":{"start":{"line":63,"column":0},"end":{"line":63,"column":27}},"63":{"start":{"line":64,"column":0},"end":{"line":64,"column":12}},"64":{"start":{"line":65,"column":0},"end":{"line":65,"column":119}},"65":{"start":{"line":66,"column":0},"end":{"line":66,"column":80}},"66":{"start":{"line":67,"column":0},"end":{"line":67,"column":12}},"67":{"start":{"line":68,"column":0},"end":{"line":68,"column":6}},"68":{"start":{"line":69,"column":0},"end":{"line":69,"column":3}},"69":{"start":{"line":70,"column":0},"end":{"line":70,"column":0}},"70":{"start":{"line":71,"column":0},"end":{"line":71,"column":10}},"71":{"start":{"line":72,"column":0},"end":{"line":72,"column":97}},"72":{"start":{"line":73,"column":0},"end":{"line":73,"column":35}},"73":{"start":{"line":74,"column":0},"end":{"line":74,"column":13}},"74":{"start":{"line":75,"column":0},"end":{"line":75,"column":23}},"75":{"start":{"line":76,"column":0},"end":{"line":76,"column":21}},"76":{"start":{"line":77,"column":0},"end":{"line":77,"column":39}},"77":{"start":{"line":78,"column":0},"end":{"line":78,"column":39}},"78":{"start":{"line":79,"column":0},"end":{"line":79,"column":23}},"79":{"start":{"line":80,"column":0},"end":{"line":80,"column":39}},"80":{"start":{"line":81,"column":0},"end":{"line":81,"column":37}},"81":{"start":{"line":82,"column":0},"end":{"line":82,"column":39}},"82":{"start":{"line":83,"column":0},"end":{"line":83,"column":29}},"83":{"start":{"line":84,"column":0},"end":{"line":84,"column":35}},"84":{"start":{"line":85,"column":0},"end":{"line":85,"column":33}},"85":{"start":{"line":86,"column":0},"end":{"line":86,"column":10}},"86":{"start":{"line":87,"column":0},"end":{"line":87,"column":9}},"87":{"start":{"line":88,"column":0},"end":{"line":88,"column":10}},"88":{"start":{"line":89,"column":0},"end":{"line":89,"column":4}},"89":{"start":{"line":90,"column":0},"end":{"line":90,"column":2}},"90":{"start":{"line":91,"column":0},"end":{"line":91,"column":0}},"91":{"start":{"line":92,"column":0},"end":{"line":92,"column":24}}},"s":{"0":1,"1":1,"2":1,"3":1,"4":1,"5":1,"6":1,"7":1,"8":1,"9":1,"10":1,"11":1,"12":1,"13":1,"14":1,"15":1,"16":1,"17":1,"18":0,"19":0,"20":0,"21":0,"22":0,"23":1,"24":1,"25":1,"26":0,"27":0,"28":0,"29":0,"30":0,"31":0,"32":1,"33":1,"34":1,"35":0,"36":1,"37":1,"38":1,"39":0,"40":0,"41":0,"42":0,"43":0,"44":0,"45":0,"46":0,"47":0,"48":0,"49":0,"50":0,"51":0,"52":0,"53":0,"54":0,"55":1,"56":1,"57":1,"58":0,"59":0,"60":1,"61":1,"62":1,"63":0,"64":0,"65":0,"66":0,"67":0,"68":0,"69":1,"70":1,"71":1,"72":1,"73":3,"74":3,"75":3,"76":3,"77":3,"78":3,"79":3,"80":3,"81":3,"82":3,"83":3,"84":3,"85":3,"86":1,"87":1,"88":1,"89":1,"90":1,"91":1},"branchMap":{"0":{"type":"branch","line":6,"loc":{"start":{"line":6,"column":17},"end":{"line":90,"column":2}},"locations":[{"start":{"line":6,"column":17},"end":{"line":90,"column":2}}]},"1":{"type":"branch","line":63,"loc":{"start":{"line":63,"column":26},"end":{"line":69,"column":3}},"locations":[{"start":{"line":63,"column":26},"end":{"line":69,"column":3}}]},"2":{"type":"branch","line":73,"loc":{"start":{"line":73,"column":17},"end":{"line":86,"column":10}},"locations":[{"start":{"line":73,"column":17},"end":{"line":86,"column":10}}]}},"b":{"0":[1],"1":[0],"2":[3]},"fnMap":{"0":{"name":"TaskList","decl":{"start":{"line":6,"column":17},"end":{"line":90,"column":2}},"loc":{"start":{"line":6,"column":17},"end":{"line":90,"column":2}},"line":6},"1":{"name":"handleDragStart","decl":{"start":{"line":18,"column":26},"end":{"line":24,"column":3}},"loc":{"start":{"line":18,"column":26},"end":{"line":24,"column":3}},"line":18},"2":{"name":"handleDragOver","decl":{"start":{"line":26,"column":25},"end":{"line":33,"column":3}},"loc":{"start":{"line":26,"column":25},"end":{"line":33,"column":3}},"line":26},"3":{"name":"handleDragLeave","decl":{"start":{"line":35,"column":26},"end":{"line":37,"column":3}},"loc":{"start":{"line":35,"column":26},"end":{"line":37,"column":3}},"line":35},"4":{"name":"handleDrop","decl":{"start":{"line":39,"column":21},"end":{"line":56,"column":3}},"loc":{"start":{"line":39,"column":21},"end":{"line":56,"column":3}},"line":39},"5":{"name":"handleDragEnd","decl":{"start":{"line":58,"column":24},"end":{"line":61,"column":3}},"loc":{"start":{"line":58,"column":24},"end":{"line":61,"column":3}},"line":58}},"f":{"0":1,"1":0,"2":0,"3":0,"4":0,"5":0}}
,"/Users/user/task-manager/src/components/ui/button.tsx": {"path":"/Users/user/task-manager/src/components/ui/button.tsx","all":false,"statementMap":{"0":{"start":{"line":1,"column":0},"end":{"line":1,"column":31}},"1":{"start":{"line":2,"column":0},"end":{"line":2,"column":44}},"2":{"start":{"line":3,"column":0},"end":{"line":3,"column":66}},"3":{"start":{"line":4,"column":0},"end":{"line":4,"column":0}},"4":{"start":{"line":5,"column":0},"end":{"line":5,"column":33}},"5":{"start":{"line":6,"column":0},"end":{"line":6,"column":0}},"6":{"start":{"line":7,"column":0},"end":{"line":7,"column":27}},"7":{"start":{"line":8,"column":0},"end":{"line":8,"column":448}},"8":{"start":{"line":9,"column":0},"end":{"line":9,"column":3}},"9":{"start":{"line":10,"column":0},"end":{"line":10,"column":15}},"10":{"start":{"line":11,"column":0},"end":{"line":11,"column":16}},"11":{"start":{"line":12,"column":0},"end":{"line":12,"column":16}},"12":{"start":{"line":13,"column":0},"end":{"line":13,"column":77}},"13":{"start":{"line":14,"column":0},"end":{"line":14,"column":20}},"14":{"start":{"line":15,"column":0},"end":{"line":15,"column":168}},"15":{"start":{"line":16,"column":0},"end":{"line":16,"column":16}},"16":{"start":{"line":17,"column":0},"end":{"line":17,"column":146}},"17":{"start":{"line":18,"column":0},"end":{"line":18,"column":18}},"18":{"start":{"line":19,"column":0},"end":{"line":19,"column":83}},"19":{"start":{"line":20,"column":0},"end":{"line":20,"column":14}},"20":{"start":{"line":21,"column":0},"end":{"line":21,"column":81}},"21":{"start":{"line":22,"column":0},"end":{"line":22,"column":64}},"22":{"start":{"line":23,"column":0},"end":{"line":23,"column":8}},"23":{"start":{"line":24,"column":0},"end":{"line":24,"column":13}},"24":{"start":{"line":25,"column":0},"end":{"line":25,"column":49}},"25":{"start":{"line":26,"column":0},"end":{"line":26,"column":60}},"26":{"start":{"line":27,"column":0},"end":{"line":27,"column":51}},"27":{"start":{"line":28,"column":0},"end":{"line":28,"column":23}},"28":{"start":{"line":29,"column":0},"end":{"line":29,"column":8}},"29":{"start":{"line":30,"column":0},"end":{"line":30,"column":6}},"30":{"start":{"line":31,"column":0},"end":{"line":31,"column":22}},"31":{"start":{"line":32,"column":0},"end":{"line":32,"column":25}},"32":{"start":{"line":33,"column":0},"end":{"line":33,"column":22}},"33":{"start":{"line":34,"column":0},"end":{"line":34,"column":6}},"34":{"start":{"line":35,"column":0},"end":{"line":35,"column":4}},"35":{"start":{"line":36,"column":0},"end":{"line":36,"column":2}},"36":{"start":{"line":37,"column":0},"end":{"line":37,"column":0}},"37":{"start":{"line":38,"column":0},"end":{"line":38,"column":17}},"38":{"start":{"line":39,"column":0},"end":{"line":39,"column":12}},"39":{"start":{"line":40,"column":0},"end":{"line":40,"column":10}},"40":{"start":{"line":41,"column":0},"end":{"line":41,"column":7}},"41":{"start":{"line":42,"column":0},"end":{"line":42,"column":18}},"42":{"start":{"line":43,"column":0},"end":{"line":43,"column":10}},"43":{"start":{"line":44,"column":0},"end":{"line":44,"column":35}},"44":{"start":{"line":45,"column":0},"end":{"line":45,"column":41}},"45":{"start":{"line":46,"column":0},"end":{"line":46,"column":22}},"46":{"start":{"line":47,"column":0},"end":{"line":47,"column":6}},"47":{"start":{"line":48,"column":0},"end":{"line":48,"column":41}},"48":{"start":{"line":49,"column":0},"end":{"line":49,"column":0}},"49":{"start":{"line":50,"column":0},"end":{"line":50,"column":10}},"50":{"start":{"line":51,"column":0},"end":{"line":51,"column":9}},"51":{"start":{"line":52,"column":0},"end":{"line":52,"column":24}},"52":{"start":{"line":53,"column":0},"end":{"line":53,"column":66}},"53":{"start":{"line":54,"column":0},"end":{"line":54,"column":16}},"54":{"start":{"line":55,"column":0},"end":{"line":55,"column":6}},"55":{"start":{"line":56,"column":0},"end":{"line":56,"column":4}},"56":{"start":{"line":57,"column":0},"end":{"line":57,"column":1}},"57":{"start":{"line":58,"column":0},"end":{"line":58,"column":0}},"58":{"start":{"line":59,"column":0},"end":{"line":59,"column":34}}},"s":{"0":1,"1":1,"2":1,"3":1,"4":1,"5":1,"6":1,"7":1,"8":1,"9":1,"10":1,"11":1,"12":1,"13":1,"14":1,"15":1,"16":1,"17":1,"18":1,"19":1,"20":1,"21":1,"22":1,"23":1,"24":1,"25":1,"26":1,"27":1,"28":1,"29":1,"30":1,"31":1,"32":1,"33":1,"34":1,"35":1,"36":1,"37":2,"38":2,"39":2,"40":2,"41":2,"42":2,"43":2,"44":2,"45":2,"46":2,"47":2,"48":2,"49":2,"50":2,"51":2,"52":2,"53":2,"54":2,"55":2,"56":2,"57":1,"58":1},"branchMap":{"0":{"type":"branch","line":38,"loc":{"start":{"line":38,"column":0},"end":{"line":57,"column":1}},"locations":[{"start":{"line":38,"column":0},"end":{"line":57,"column":1}}]},"1":{"type":"branch","line":48,"loc":{"start":{"line":48,"column":23},"end":{"line":48,"column":29}},"locations":[{"start":{"line":48,"column":23},"end":{"line":48,"column":29}}]}},"b":{"0":[2],"1":[0]},"fnMap":{"0":{"name":"Button","decl":{"start":{"line":38,"column":0},"end":{"line":57,"column":1}},"loc":{"start":{"line":38,"column":0},"end":{"line":57,"column":1}},"line":38}},"f":{"0":2}}
,"/Users/user/task-manager/src/components/ui/input.tsx": {"path":"/Users/user/task-manager/src/components/ui/input.tsx","all":false,"statementMap":{"0":{"start":{"line":1,"column":0},"end":{"line":1,"column":31}},"1":{"start":{"line":2,"column":0},"end":{"line":2,"column":0}},"2":{"start":{"line":3,"column":0},"end":{"line":3,"column":33}},"3":{"start":{"line":4,"column":0},"end":{"line":4,"column":0}},"4":{"start":{"line":5,"column":0},"end":{"line":5,"column":78}},"5":{"start":{"line":6,"column":0},"end":{"line":6,"column":10}},"6":{"start":{"line":7,"column":0},"end":{"line":7,"column":10}},"7":{"start":{"line":8,"column":0},"end":{"line":8,"column":17}},"8":{"start":{"line":9,"column":0},"end":{"line":9,"column":23}},"9":{"start":{"line":10,"column":0},"end":{"line":10,"column":20}},"10":{"start":{"line":11,"column":0},"end":{"line":11,"column":458}},"11":{"start":{"line":12,"column":0},"end":{"line":12,"column":88}},"12":{"start":{"line":13,"column":0},"end":{"line":13,"column":113}},"13":{"start":{"line":14,"column":0},"end":{"line":14,"column":18}},"14":{"start":{"line":15,"column":0},"end":{"line":15,"column":8}},"15":{"start":{"line":16,"column":0},"end":{"line":16,"column":16}},"16":{"start":{"line":17,"column":0},"end":{"line":17,"column":6}},"17":{"start":{"line":18,"column":0},"end":{"line":18,"column":4}},"18":{"start":{"line":19,"column":0},"end":{"line":19,"column":1}},"19":{"start":{"line":20,"column":0},"end":{"line":20,"column":0}},"20":{"start":{"line":21,"column":0},"end":{"line":21,"column":17}}},"s":{"0":1,"1":1,"2":1,"3":1,"4":11,"5":11,"6":11,"7":11,"8":11,"9":11,"10":11,"11":11,"12":11,"13":11,"14":11,"15":11,"16":11,"17":11,"18":11,"19":1,"20":1},"branchMap":{"0":{"type":"branch","line":5,"loc":{"start":{"line":5,"column":0},"end":{"line":19,"column":1}},"locations":[{"start":{"line":5,"column":0},"end":{"line":19,"column":1}}]}},"b":{"0":[11]},"fnMap":{"0":{"name":"Input","decl":{"start":{"line":5,"column":0},"end":{"line":19,"column":1}},"loc":{"start":{"line":5,"column":0},"end":{"line":19,"column":1}},"line":5}},"f":{"0":11}}
,"/Users/user/task-manager/src/components/ui/label.tsx": {"path":"/Users/user/task-manager/src/components/ui/label.tsx","all":false,"statementMap":{"0":{"start":{"line":1,"column":0},"end":{"line":1,"column":31}},"1":{"start":{"line":2,"column":0},"end":{"line":2,"column":56}},"2":{"start":{"line":3,"column":0},"end":{"line":3,"column":0}},"3":{"start":{"line":4,"column":0},"end":{"line":4,"column":33}},"4":{"start":{"line":5,"column":0},"end":{"line":5,"column":0}},"5":{"start":{"line":6,"column":0},"end":{"line":6,"column":16}},"6":{"start":{"line":7,"column":0},"end":{"line":7,"column":12}},"7":{"start":{"line":8,"column":0},"end":{"line":8,"column":10}},"8":{"start":{"line":9,"column":0},"end":{"line":9,"column":54}},"9":{"start":{"line":10,"column":0},"end":{"line":10,"column":10}},"10":{"start":{"line":11,"column":0},"end":{"line":11,"column":24}},"11":{"start":{"line":12,"column":0},"end":{"line":12,"column":23}},"12":{"start":{"line":13,"column":0},"end":{"line":13,"column":20}},"13":{"start":{"line":14,"column":0},"end":{"line":14,"column":222}},"14":{"start":{"line":15,"column":0},"end":{"line":15,"column":18}},"15":{"start":{"line":16,"column":0},"end":{"line":16,"column":8}},"16":{"start":{"line":17,"column":0},"end":{"line":17,"column":16}},"17":{"start":{"line":18,"column":0},"end":{"line":18,"column":6}},"18":{"start":{"line":19,"column":0},"end":{"line":19,"column":4}},"19":{"start":{"line":20,"column":0},"end":{"line":20,"column":1}},"20":{"start":{"line":21,"column":0},"end":{"line":21,"column":0}},"21":{"start":{"line":22,"column":0},"end":{"line":22,"column":17}}},"s":{"0":1,"1":1,"2":1,"3":1,"4":1,"5":27,"6":27,"7":27,"8":27,"9":27,"10":27,"11":27,"12":27,"13":27,"14":27,"15":27,"16":27,"17":27,"18":27,"19":27,"20":1,"21":1},"branchMap":{"0":{"type":"branch","line":6,"loc":{"start":{"line":6,"column":0},"end":{"line":20,"column":1}},"locations":[{"start":{"line":6,"column":0},"end":{"line":20,"column":1}}]}},"b":{"0":[27]},"fnMap":{"0":{"name":"Label","decl":{"start":{"line":6,"column":0},"end":{"line":20,"column":1}},"loc":{"start":{"line":6,"column":0},"end":{"line":20,"column":1}},"line":6}},"f":{"0":27}}
,"/Users/user/task-manager/src/components/ui/select.tsx": {"path":"/Users/user/task-manager/src/components/ui/select.tsx","all":false,"statementMap":{"0":{"start":{"line":1,"column":0},"end":{"line":1,"column":31}},"1":{"start":{"line":2,"column":0},"end":{"line":2,"column":58}},"2":{"start":{"line":3,"column":0},"end":{"line":3,"column":73}},"3":{"start":{"line":4,"column":0},"end":{"line":4,"column":0}},"4":{"start":{"line":5,"column":0},"end":{"line":5,"column":33}},"5":{"start":{"line":6,"column":0},"end":{"line":6,"column":0}},"6":{"start":{"line":7,"column":0},"end":{"line":7,"column":17}},"7":{"start":{"line":8,"column":0},"end":{"line":8,"column":10}},"8":{"start":{"line":9,"column":0},"end":{"line":9,"column":55}},"9":{"start":{"line":10,"column":0},"end":{"line":10,"column":64}},"10":{"start":{"line":11,"column":0},"end":{"line":11,"column":1}},"11":{"start":{"line":12,"column":0},"end":{"line":12,"column":0}},"12":{"start":{"line":13,"column":0},"end":{"line":13,"column":22}},"13":{"start":{"line":14,"column":0},"end":{"line":14,"column":10}},"14":{"start":{"line":15,"column":0},"end":{"line":15,"column":56}},"15":{"start":{"line":16,"column":0},"end":{"line":16,"column":71}},"16":{"start":{"line":17,"column":0},"end":{"line":17,"column":1}},"17":{"start":{"line":18,"column":0},"end":{"line":18,"column":0}},"18":{"start":{"line":19,"column":0},"end":{"line":19,"column":22}},"19":{"start":{"line":20,"column":0},"end":{"line":20,"column":10}},"20":{"start":{"line":21,"column":0},"end":{"line":21,"column":56}},"21":{"start":{"line":22,"column":0},"end":{"line":22,"column":71}},"22":{"start":{"line":23,"column":0},"end":{"line":23,"column":1}},"23":{"start":{"line":24,"column":0},"end":{"line":24,"column":0}},"24":{"start":{"line":25,"column":0},"end":{"line":25,"column":24}},"25":{"start":{"line":26,"column":0},"end":{"line":26,"column":12}},"26":{"start":{"line":27,"column":0},"end":{"line":27,"column":19}},"27":{"start":{"line":28,"column":0},"end":{"line":28,"column":11}},"28":{"start":{"line":29,"column":0},"end":{"line":29,"column":10}},"29":{"start":{"line":30,"column":0},"end":{"line":30,"column":59}},"30":{"start":{"line":31,"column":0},"end":{"line":31,"column":26}},"31":{"start":{"line":32,"column":0},"end":{"line":32,"column":4}},"32":{"start":{"line":33,"column":0},"end":{"line":33,"column":10}},"33":{"start":{"line":34,"column":0},"end":{"line":34,"column":28}},"34":{"start":{"line":35,"column":0},"end":{"line":35,"column":32}},"35":{"start":{"line":36,"column":0},"end":{"line":36,"column":22}},"36":{"start":{"line":37,"column":0},"end":{"line":37,"column":20}},"37":{"start":{"line":38,"column":0},"end":{"line":38,"column":823}},"38":{"start":{"line":39,"column":0},"end":{"line":39,"column":18}},"39":{"start":{"line":40,"column":0},"end":{"line":40,"column":8}},"40":{"start":{"line":41,"column":0},"end":{"line":41,"column":16}},"41":{"start":{"line":42,"column":0},"end":{"line":42,"column":5}},"42":{"start":{"line":43,"column":0},"end":{"line":43,"column":16}},"43":{"start":{"line":44,"column":0},"end":{"line":44,"column":36}},"44":{"start":{"line":45,"column":0},"end":{"line":45,"column":57}},"45":{"start":{"line":46,"column":0},"end":{"line":46,"column":29}},"46":{"start":{"line":47,"column":0},"end":{"line":47,"column":30}},"47":{"start":{"line":48,"column":0},"end":{"line":48,"column":4}},"48":{"start":{"line":49,"column":0},"end":{"line":49,"column":1}},"49":{"start":{"line":50,"column":0},"end":{"line":50,"column":0}},"50":{"start":{"line":51,"column":0},"end":{"line":51,"column":24}},"51":{"start":{"line":52,"column":0},"end":{"line":52,"column":12}},"52":{"start":{"line":53,"column":0},"end":{"line":53,"column":11}},"53":{"start":{"line":54,"column":0},"end":{"line":54,"column":22}},"54":{"start":{"line":55,"column":0},"end":{"line":55,"column":10}},"55":{"start":{"line":56,"column":0},"end":{"line":56,"column":58}},"56":{"start":{"line":57,"column":0},"end":{"line":57,"column":10}},"57":{"start":{"line":58,"column":0},"end":{"line":58,"column":28}},"58":{"start":{"line":59,"column":0},"end":{"line":59,"column":30}},"59":{"start":{"line":60,"column":0},"end":{"line":60,"column":34}},"60":{"start":{"line":61,"column":0},"end":{"line":61,"column":22}},"61":{"start":{"line":62,"column":0},"end":{"line":62,"column":570}},"62":{"start":{"line":63,"column":0},"end":{"line":63,"column":34}},"63":{"start":{"line":64,"column":0},"end":{"line":64,"column":142}},"64":{"start":{"line":65,"column":0},"end":{"line":65,"column":20}},"65":{"start":{"line":66,"column":0},"end":{"line":66,"column":10}},"66":{"start":{"line":67,"column":0},"end":{"line":67,"column":27}},"67":{"start":{"line":68,"column":0},"end":{"line":68,"column":18}},"68":{"start":{"line":69,"column":0},"end":{"line":69,"column":7}},"69":{"start":{"line":70,"column":0},"end":{"line":70,"column":32}},"70":{"start":{"line":71,"column":0},"end":{"line":71,"column":33}},"71":{"start":{"line":72,"column":0},"end":{"line":72,"column":24}},"72":{"start":{"line":73,"column":0},"end":{"line":73,"column":18}},"73":{"start":{"line":74,"column":0},"end":{"line":74,"column":36}},"74":{"start":{"line":75,"column":0},"end":{"line":75,"column":116}},"75":{"start":{"line":76,"column":0},"end":{"line":76,"column":12}},"76":{"start":{"line":77,"column":0},"end":{"line":77,"column":9}},"77":{"start":{"line":78,"column":0},"end":{"line":78,"column":20}},"78":{"start":{"line":79,"column":0},"end":{"line":79,"column":35}},"79":{"start":{"line":80,"column":0},"end":{"line":80,"column":34}},"80":{"start":{"line":81,"column":0},"end":{"line":81,"column":32}},"81":{"start":{"line":82,"column":0},"end":{"line":82,"column":29}},"82":{"start":{"line":83,"column":0},"end":{"line":83,"column":4}},"83":{"start":{"line":84,"column":0},"end":{"line":84,"column":1}},"84":{"start":{"line":85,"column":0},"end":{"line":85,"column":0}},"85":{"start":{"line":86,"column":0},"end":{"line":86,"column":22}},"86":{"start":{"line":87,"column":0},"end":{"line":87,"column":12}},"87":{"start":{"line":88,"column":0},"end":{"line":88,"column":10}},"88":{"start":{"line":89,"column":0},"end":{"line":89,"column":56}},"89":{"start":{"line":90,"column":0},"end":{"line":90,"column":10}},"90":{"start":{"line":91,"column":0},"end":{"line":91,"column":26}},"91":{"start":{"line":92,"column":0},"end":{"line":92,"column":30}},"92":{"start":{"line":93,"column":0},"end":{"line":93,"column":76}},"93":{"start":{"line":94,"column":0},"end":{"line":94,"column":16}},"94":{"start":{"line":95,"column":0},"end":{"line":95,"column":6}},"95":{"start":{"line":96,"column":0},"end":{"line":96,"column":4}},"96":{"start":{"line":97,"column":0},"end":{"line":97,"column":1}},"97":{"start":{"line":98,"column":0},"end":{"line":98,"column":0}},"98":{"start":{"line":99,"column":0},"end":{"line":99,"column":21}},"99":{"start":{"line":100,"column":0},"end":{"line":100,"column":12}},"100":{"start":{"line":101,"column":0},"end":{"line":101,"column":11}},"101":{"start":{"line":102,"column":0},"end":{"line":102,"column":10}},"102":{"start":{"line":103,"column":0},"end":{"line":103,"column":55}},"103":{"start":{"line":104,"column":0},"end":{"line":104,"column":10}},"104":{"start":{"line":105,"column":0},"end":{"line":105,"column":25}},"105":{"start":{"line":106,"column":0},"end":{"line":106,"column":29}},"106":{"start":{"line":107,"column":0},"end":{"line":107,"column":20}},"107":{"start":{"line":108,"column":0},"end":{"line":108,"column":436}},"108":{"start":{"line":109,"column":0},"end":{"line":109,"column":18}},"109":{"start":{"line":110,"column":0},"end":{"line":110,"column":8}},"110":{"start":{"line":111,"column":0},"end":{"line":111,"column":16}},"111":{"start":{"line":112,"column":0},"end":{"line":112,"column":5}},"112":{"start":{"line":113,"column":0},"end":{"line":113,"column":83}},"113":{"start":{"line":114,"column":0},"end":{"line":114,"column":39}},"114":{"start":{"line":115,"column":0},"end":{"line":115,"column":42}},"115":{"start":{"line":116,"column":0},"end":{"line":116,"column":40}},"116":{"start":{"line":117,"column":0},"end":{"line":117,"column":13}},"117":{"start":{"line":118,"column":0},"end":{"line":118,"column":69}},"118":{"start":{"line":119,"column":0},"end":{"line":119,"column":27}},"119":{"start":{"line":120,"column":0},"end":{"line":120,"column":4}},"120":{"start":{"line":121,"column":0},"end":{"line":121,"column":1}},"121":{"start":{"line":122,"column":0},"end":{"line":122,"column":0}},"122":{"start":{"line":123,"column":0},"end":{"line":123,"column":26}},"123":{"start":{"line":124,"column":0},"end":{"line":124,"column":12}},"124":{"start":{"line":125,"column":0},"end":{"line":125,"column":10}},"125":{"start":{"line":126,"column":0},"end":{"line":126,"column":60}},"126":{"start":{"line":127,"column":0},"end":{"line":127,"column":10}},"127":{"start":{"line":128,"column":0},"end":{"line":128,"column":30}},"128":{"start":{"line":129,"column":0},"end":{"line":129,"column":34}},"129":{"start":{"line":130,"column":0},"end":{"line":130,"column":80}},"130":{"start":{"line":131,"column":0},"end":{"line":131,"column":16}},"131":{"start":{"line":132,"column":0},"end":{"line":132,"column":6}},"132":{"start":{"line":133,"column":0},"end":{"line":133,"column":4}},"133":{"start":{"line":134,"column":0},"end":{"line":134,"column":1}},"134":{"start":{"line":135,"column":0},"end":{"line":135,"column":0}},"135":{"start":{"line":136,"column":0},"end":{"line":136,"column":31}},"136":{"start":{"line":137,"column":0},"end":{"line":137,"column":12}},"137":{"start":{"line":138,"column":0},"end":{"line":138,"column":10}},"138":{"start":{"line":139,"column":0},"end":{"line":139,"column":65}},"139":{"start":{"line":140,"column":0},"end":{"line":140,"column":10}},"140":{"start":{"line":141,"column":0},"end":{"line":141,"column":35}},"141":{"start":{"line":142,"column":0},"end":{"line":142,"column":41}},"142":{"start":{"line":143,"column":0},"end":{"line":143,"column":20}},"143":{"start":{"line":144,"column":0},"end":{"line":144,"column":63}},"144":{"start":{"line":145,"column":0},"end":{"line":145,"column":18}},"145":{"start":{"line":146,"column":0},"end":{"line":146,"column":8}},"146":{"start":{"line":147,"column":0},"end":{"line":147,"column":16}},"147":{"start":{"line":148,"column":0},"end":{"line":148,"column":5}},"148":{"start":{"line":149,"column":0},"end":{"line":149,"column":42}},"149":{"start":{"line":150,"column":0},"end":{"line":150,"column":37}},"150":{"start":{"line":151,"column":0},"end":{"line":151,"column":4}},"151":{"start":{"line":152,"column":0},"end":{"line":152,"column":1}},"152":{"start":{"line":153,"column":0},"end":{"line":153,"column":0}},"153":{"start":{"line":154,"column":0},"end":{"line":154,"column":33}},"154":{"start":{"line":155,"column":0},"end":{"line":155,"column":12}},"155":{"start":{"line":156,"column":0},"end":{"line":156,"column":10}},"156":{"start":{"line":157,"column":0},"end":{"line":157,"column":67}},"157":{"start":{"line":158,"column":0},"end":{"line":158,"column":10}},"158":{"start":{"line":159,"column":0},"end":{"line":159,"column":37}},"159":{"start":{"line":160,"column":0},"end":{"line":160,"column":43}},"160":{"start":{"line":161,"column":0},"end":{"line":161,"column":20}},"161":{"start":{"line":162,"column":0},"end":{"line":162,"column":63}},"162":{"start":{"line":163,"column":0},"end":{"line":163,"column":18}},"163":{"start":{"line":164,"column":0},"end":{"line":164,"column":8}},"164":{"start":{"line":165,"column":0},"end":{"line":165,"column":16}},"165":{"start":{"line":166,"column":0},"end":{"line":166,"column":5}},"166":{"start":{"line":167,"column":0},"end":{"line":167,"column":44}},"167":{"start":{"line":168,"column":0},"end":{"line":168,"column":39}},"168":{"start":{"line":169,"column":0},"end":{"line":169,"column":4}},"169":{"start":{"line":170,"column":0},"end":{"line":170,"column":1}},"170":{"start":{"line":171,"column":0},"end":{"line":171,"column":0}},"171":{"start":{"line":172,"column":0},"end":{"line":172,"column":8}},"172":{"start":{"line":173,"column":0},"end":{"line":173,"column":9}},"173":{"start":{"line":174,"column":0},"end":{"line":174,"column":16}},"174":{"start":{"line":175,"column":0},"end":{"line":175,"column":14}},"175":{"start":{"line":176,"column":0},"end":{"line":176,"column":13}},"176":{"start":{"line":177,"column":0},"end":{"line":177,"column":14}},"177":{"start":{"line":178,"column":0},"end":{"line":178,"column":25}},"178":{"start":{"line":179,"column":0},"end":{"line":179,"column":23}},"179":{"start":{"line":180,"column":0},"end":{"line":180,"column":18}},"180":{"start":{"line":181,"column":0},"end":{"line":181,"column":16}},"181":{"start":{"line":182,"column":0},"end":{"line":182,"column":14}},"182":{"start":{"line":183,"column":0},"end":{"line":183,"column":2}}},"s":{"0":1,"1":1,"2":1,"3":1,"4":1,"5":1,"6":12,"7":12,"8":12,"9":12,"10":12,"11":1,"12":0,"13":0,"14":0,"15":0,"16":0,"17":1,"18":12,"19":12,"20":12,"21":12,"22":12,"23":1,"24":12,"25":12,"26":12,"27":12,"28":12,"29":12,"30":12,"31":12,"32":12,"33":12,"34":12,"35":12,"36":12,"37":12,"38":12,"39":12,"40":12,"41":12,"42":12,"43":12,"44":12,"45":12,"46":12,"47":12,"48":12,"49":1,"50":12,"51":12,"52":12,"53":12,"54":12,"55":12,"56":12,"57":12,"58":12,"59":12,"60":12,"61":12,"62":12,"63":12,"64":12,"65":12,"66":12,"67":12,"68":12,"69":12,"70":12,"71":12,"72":12,"73":12,"74":12,"75":12,"76":12,"77":12,"78":12,"79":12,"80":12,"81":12,"82":12,"83":12,"84":1,"85":0,"86":0,"87":0,"88":0,"89":0,"90":0,"91":0,"92":0,"93":0,"94":0,"95":0,"96":0,"97":1,"98":45,"99":45,"100":45,"101":45,"102":45,"103":45,"104":45,"105":45,"106":45,"107":45,"108":45,"109":45,"110":45,"111":45,"112":45,"113":45,"114":45,"115":45,"116":45,"117":45,"118":45,"119":45,"120":45,"121":1,"122":0,"123":0,"124":0,"125":0,"126":0,"127":0,"128":0,"129":0,"130":0,"131":0,"132":0,"133":0,"134":1,"135":13,"136":13,"137":13,"138":13,"139":13,"140":13,"141":13,"142":13,"143":13,"144":13,"145":13,"146":13,"147":13,"148":13,"149":13,"150":13,"151":13,"152":1,"153":13,"154":13,"155":13,"156":13,"157":13,"158":13,"159":13,"160":13,"161":13,"162":13,"163":13,"164":13,"165":13,"166":13,"167":13,"168":13,"169":13,"170":1,"171":1,"172":1,"173":1,"174":1,"175":1,"176":1,"177":1,"178":1,"179":1,"180":1,"181":1,"182":1},"branchMap":{"0":{"type":"branch","line":7,"loc":{"start":{"line":7,"column":0},"end":{"line":11,"column":1}},"locations":[{"start":{"line":7,"column":0},"end":{"line":11,"column":1}}]},"1":{"type":"branch","line":19,"loc":{"start":{"line":19,"column":0},"end":{"line":23,"column":1}},"locations":[{"start":{"line":19,"column":0},"end":{"line":23,"column":1}}]},"2":{"type":"branch","line":25,"loc":{"start":{"line":25,"column":0},"end":{"line":49,"column":1}},"locations":[{"start":{"line":25,"column":0},"end":{"line":49,"column":1}}]},"3":{"type":"branch","line":51,"loc":{"start":{"line":51,"column":0},"end":{"line":84,"column":1}},"locations":[{"start":{"line":51,"column":0},"end":{"line":84,"column":1}}]},"4":{"type":"branch","line":99,"loc":{"start":{"line":99,"column":0},"end":{"line":121,"column":1}},"locations":[{"start":{"line":99,"column":0},"end":{"line":121,"column":1}}]},"5":{"type":"branch","line":136,"loc":{"start":{"line":136,"column":0},"end":{"line":152,"column":1}},"locations":[{"start":{"line":136,"column":0},"end":{"line":152,"column":1}}]},"6":{"type":"branch","line":154,"loc":{"start":{"line":154,"column":0},"end":{"line":170,"column":1}},"locations":[{"start":{"line":154,"column":0},"end":{"line":170,"column":1}}]}},"b":{"0":[12],"1":[12],"2":[12],"3":[12],"4":[45],"5":[13],"6":[13]},"fnMap":{"0":{"name":"Select","decl":{"start":{"line":7,"column":0},"end":{"line":11,"column":1}},"loc":{"start":{"line":7,"column":0},"end":{"line":11,"column":1}},"line":7},"1":{"name":"SelectGroup","decl":{"start":{"line":13,"column":0},"end":{"line":17,"column":1}},"loc":{"start":{"line":13,"column":0},"end":{"line":17,"column":1}},"line":13},"2":{"name":"SelectValue","decl":{"start":{"line":19,"column":0},"end":{"line":23,"column":1}},"loc":{"start":{"line":19,"column":0},"end":{"line":23,"column":1}},"line":19},"3":{"name":"SelectTrigger","decl":{"start":{"line":25,"column":0},"end":{"line":49,"column":1}},"loc":{"start":{"line":25,"column":0},"end":{"line":49,"column":1}},"line":25},"4":{"name":"SelectContent","decl":{"start":{"line":51,"column":0},"end":{"line":84,"column":1}},"loc":{"start":{"line":51,"column":0},"end":{"line":84,"column":1}},"line":51},"5":{"name":"SelectLabel","decl":{"start":{"line":86,"column":0},"end":{"line":97,"column":1}},"loc":{"start":{"line":86,"column":0},"end":{"line":97,"column":1}},"line":86},"6":{"name":"SelectItem","decl":{"start":{"line":99,"column":0},"end":{"line":121,"column":1}},"loc":{"start":{"line":99,"column":0},"end":{"line":121,"column":1}},"line":99},"7":{"name":"SelectSeparator","decl":{"start":{"line":123,"column":0},"end":{"line":134,"column":1}},"loc":{"start":{"line":123,"column":0},"end":{"line":134,"column":1}},"line":123},"8":{"name":"SelectScrollUpButton","decl":{"start":{"line":136,"column":0},"end":{"line":152,"column":1}},"loc":{"start":{"line":136,"column":0},"end":{"line":152,"column":1}},"line":136},"9":{"name":"SelectScrollDownButton","decl":{"start":{"line":154,"column":0},"end":{"line":170,"column":1}},"loc":{"start":{"line":154,"column":0},"end":{"line":170,"column":1}},"line":154}},"f":{"0":12,"1":0,"2":12,"3":12,"4":12,"5":0,"6":45,"7":0,"8":13,"9":13}}
,"/Users/user/task-manager/src/components/ui/textarea.tsx": {"path":"/Users/user/task-manager/src/components/ui/textarea.tsx","all":false,"statementMap":{"0":{"start":{"line":1,"column":0},"end":{"line":1,"column":31}},"1":{"start":{"line":2,"column":0},"end":{"line":2,"column":0}},"2":{"start":{"line":3,"column":0},"end":{"line":3,"column":33}},"3":{"start":{"line":4,"column":0},"end":{"line":4,"column":0}},"4":{"start":{"line":5,"column":0},"end":{"line":5,"column":78}},"5":{"start":{"line":6,"column":0},"end":{"line":6,"column":10}},"6":{"start":{"line":7,"column":0},"end":{"line":7,"column":13}},"7":{"start":{"line":8,"column":0},"end":{"line":8,"column":26}},"8":{"start":{"line":9,"column":0},"end":{"line":9,"column":20}},"9":{"start":{"line":10,"column":0},"end":{"line":10,"column":462}},"10":{"start":{"line":11,"column":0},"end":{"line":11,"column":18}},"11":{"start":{"line":12,"column":0},"end":{"line":12,"column":8}},"12":{"start":{"line":13,"column":0},"end":{"line":13,"column":16}},"13":{"start":{"line":14,"column":0},"end":{"line":14,"column":6}},"14":{"start":{"line":15,"column":0},"end":{"line":15,"column":4}},"15":{"start":{"line":16,"column":0},"end":{"line":16,"column":1}},"16":{"start":{"line":17,"column":0},"end":{"line":17,"column":0}},"17":{"start":{"line":18,"column":0},"end":{"line":18,"column":20}}},"s":{"0":1,"1":1,"2":1,"3":1,"4":9,"5":9,"6":9,"7":9,"8":9,"9":9,"10":9,"11":9,"12":9,"13":9,"14":9,"15":9,"16":1,"17":1},"branchMap":{"0":{"type":"branch","line":5,"loc":{"start":{"line":5,"column":0},"end":{"line":16,"column":1}},"locations":[{"start":{"line":5,"column":0},"end":{"line":16,"column":1}}]}},"b":{"0":[9]},"fnMap":{"0":{"name":"Textarea","decl":{"start":{"line":5,"column":0},"end":{"line":16,"column":1}},"loc":{"start":{"line":5,"column":0},"end":{"line":16,"column":1}},"line":5}},"f":{"0":9}}
,"/Users/user/task-manager/src/components/ui/tooltip.tsx": {"path":"/Users/user/task-manager/src/components/ui/tooltip.tsx","all":false,"statementMap":{"0":{"start":{"line":1,"column":0},"end":{"line":1,"column":31}},"1":{"start":{"line":2,"column":0},"end":{"line":2,"column":60}},"2":{"start":{"line":3,"column":0},"end":{"line":3,"column":0}},"3":{"start":{"line":4,"column":0},"end":{"line":4,"column":33}},"4":{"start":{"line":5,"column":0},"end":{"line":5,"column":0}},"5":{"start":{"line":6,"column":0},"end":{"line":6,"column":26}},"6":{"start":{"line":7,"column":0},"end":{"line":7,"column":20}},"7":{"start":{"line":8,"column":0},"end":{"line":8,"column":10}},"8":{"start":{"line":9,"column":0},"end":{"line":9,"column":60}},"9":{"start":{"line":10,"column":0},"end":{"line":10,"column":10}},"10":{"start":{"line":11,"column":0},"end":{"line":11,"column":30}},"11":{"start":{"line":12,"column":0},"end":{"line":12,"column":34}},"12":{"start":{"line":13,"column":0},"end":{"line":13,"column":35}},"13":{"start":{"line":14,"column":0},"end":{"line":14,"column":16}},"14":{"start":{"line":15,"column":0},"end":{"line":15,"column":6}},"15":{"start":{"line":16,"column":0},"end":{"line":16,"column":4}},"16":{"start":{"line":17,"column":0},"end":{"line":17,"column":1}},"17":{"start":{"line":18,"column":0},"end":{"line":18,"column":0}},"18":{"start":{"line":19,"column":0},"end":{"line":19,"column":18}},"19":{"start":{"line":20,"column":0},"end":{"line":20,"column":10}},"20":{"start":{"line":21,"column":0},"end":{"line":21,"column":56}},"21":{"start":{"line":22,"column":0},"end":{"line":22,"column":10}},"22":{"start":{"line":23,"column":0},"end":{"line":23,"column":21}},"23":{"start":{"line":24,"column":0},"end":{"line":24,"column":62}},"24":{"start":{"line":25,"column":0},"end":{"line":25,"column":22}},"25":{"start":{"line":26,"column":0},"end":{"line":26,"column":4}},"26":{"start":{"line":27,"column":0},"end":{"line":27,"column":1}},"27":{"start":{"line":28,"column":0},"end":{"line":28,"column":0}},"28":{"start":{"line":29,"column":0},"end":{"line":29,"column":25}},"29":{"start":{"line":30,"column":0},"end":{"line":30,"column":10}},"30":{"start":{"line":31,"column":0},"end":{"line":31,"column":59}},"31":{"start":{"line":32,"column":0},"end":{"line":32,"column":77}},"32":{"start":{"line":33,"column":0},"end":{"line":33,"column":1}},"33":{"start":{"line":34,"column":0},"end":{"line":34,"column":0}},"34":{"start":{"line":35,"column":0},"end":{"line":35,"column":25}},"35":{"start":{"line":36,"column":0},"end":{"line":36,"column":12}},"36":{"start":{"line":37,"column":0},"end":{"line":37,"column":17}},"37":{"start":{"line":38,"column":0},"end":{"line":38,"column":11}},"38":{"start":{"line":39,"column":0},"end":{"line":39,"column":10}},"39":{"start":{"line":40,"column":0},"end":{"line":40,"column":59}},"40":{"start":{"line":41,"column":0},"end":{"line":41,"column":10}},"41":{"start":{"line":42,"column":0},"end":{"line":42,"column":29}},"42":{"start":{"line":43,"column":0},"end":{"line":43,"column":31}},"43":{"start":{"line":44,"column":0},"end":{"line":44,"column":35}},"44":{"start":{"line":45,"column":0},"end":{"line":45,"column":31}},"45":{"start":{"line":46,"column":0},"end":{"line":46,"column":22}},"46":{"start":{"line":47,"column":0},"end":{"line":47,"column":435}},"47":{"start":{"line":48,"column":0},"end":{"line":48,"column":20}},"48":{"start":{"line":49,"column":0},"end":{"line":49,"column":10}},"49":{"start":{"line":50,"column":0},"end":{"line":50,"column":18}},"50":{"start":{"line":51,"column":0},"end":{"line":51,"column":7}},"51":{"start":{"line":52,"column":0},"end":{"line":52,"column":18}},"52":{"start":{"line":53,"column":0},"end":{"line":53,"column":139}},"53":{"start":{"line":54,"column":0},"end":{"line":54,"column":33}},"54":{"start":{"line":55,"column":0},"end":{"line":55,"column":30}},"55":{"start":{"line":56,"column":0},"end":{"line":56,"column":4}},"56":{"start":{"line":57,"column":0},"end":{"line":57,"column":1}},"57":{"start":{"line":58,"column":0},"end":{"line":58,"column":0}},"58":{"start":{"line":59,"column":0},"end":{"line":59,"column":68}}},"s":{"0":1,"1":1,"2":1,"3":1,"4":1,"5":24,"6":24,"7":24,"8":24,"9":24,"10":24,"11":24,"12":24,"13":24,"14":24,"15":24,"16":24,"17":1,"18":24,"19":24,"20":24,"21":24,"22":24,"23":24,"24":24,"25":24,"26":24,"27":1,"28":24,"29":24,"30":24,"31":24,"32":24,"33":1,"34":24,"35":24,"36":24,"37":24,"38":24,"39":24,"40":24,"41":24,"42":24,"43":24,"44":24,"45":24,"46":24,"47":24,"48":24,"49":24,"50":24,"51":24,"52":24,"53":24,"54":24,"55":24,"56":24,"57":1,"58":1},"branchMap":{"0":{"type":"branch","line":6,"loc":{"start":{"line":6,"column":0},"end":{"line":17,"column":1}},"locations":[{"start":{"line":6,"column":0},"end":{"line":17,"column":1}}]},"1":{"type":"branch","line":19,"loc":{"start":{"line":19,"column":0},"end":{"line":27,"column":1}},"locations":[{"start":{"line":19,"column":0},"end":{"line":27,"column":1}}]},"2":{"type":"branch","line":29,"loc":{"start":{"line":29,"column":0},"end":{"line":33,"column":1}},"locations":[{"start":{"line":29,"column":0},"end":{"line":33,"column":1}}]},"3":{"type":"branch","line":35,"loc":{"start":{"line":35,"column":0},"end":{"line":57,"column":1}},"locations":[{"start":{"line":35,"column":0},"end":{"line":57,"column":1}}]}},"b":{"0":[24],"1":[24],"2":[24],"3":[24]},"fnMap":{"0":{"name":"TooltipProvider","decl":{"start":{"line":6,"column":0},"end":{"line":17,"column":1}},"loc":{"start":{"line":6,"column":0},"end":{"line":17,"column":1}},"line":6},"1":{"name":"Tooltip","decl":{"start":{"line":19,"column":0},"end":{"line":27,"column":1}},"loc":{"start":{"line":19,"column":0},"end":{"line":27,"column":1}},"line":19},"2":{"name":"TooltipTrigger","decl":{"start":{"line":29,"column":0},"end":{"line":33,"column":1}},"loc":{"start":{"line":29,"column":0},"end":{"line":33,"column":1}},"line":29},"3":{"name":"TooltipContent","decl":{"start":{"line":35,"column":0},"end":{"line":57,"column":1}},"loc":{"start":{"line":35,"column":0},"end":{"line":57,"column":1}},"line":35}},"f":{"0":24,"1":24,"2":24,"3":24}}
,"/Users/user/task-manager/src/lib/utils.ts": {"path":"/Users/user/task-manager/src/lib/utils.ts","all":false,"statementMap":{"0":{"start":{"line":1,"column":0},"end":{"line":1,"column":45}},"1":{"start":{"line":2,"column":0},"end":{"line":2,"column":41}},"2":{"start":{"line":3,"column":0},"end":{"line":3,"column":0}},"3":{"start":{"line":4,"column":0},"end":{"line":4,"column":45}},"4":{"start":{"line":5,"column":0},"end":{"line":5,"column":31}},"5":{"start":{"line":6,"column":0},"end":{"line":6,"column":1}}},"s":{"0":1,"1":1,"2":1,"3":180,"4":180,"5":180},"branchMap":{"0":{"type":"branch","line":4,"loc":{"start":{"line":4,"column":0},"end":{"line":6,"column":1}},"locations":[{"start":{"line":4,"column":0},"end":{"line":6,"column":1}}]}},"b":{"0":[180]},"fnMap":{"0":{"name":"cn","decl":{"start":{"line":4,"column":0},"end":{"line":6,"column":1}},"loc":{"start":{"line":4,"column":0},"end":{"line":6,"column":1}},"line":4}},"f":{"0":180}}
}
