TN:
SF:src/components/Filter/index.tsx
FN:11,Filter
FN:14,handleChange
FNF:2
FNH:2
FNDA:3,Filter
FNDA:1,handleChange
DA:1,1
DA:2,1
DA:3,1
DA:4,1
DA:5,1
DA:6,1
DA:7,1
DA:8,1
DA:9,1
DA:10,1
DA:11,1
DA:12,3
DA:13,3
DA:14,3
DA:15,1
DA:16,1
DA:17,3
DA:18,3
DA:19,3
DA:20,3
DA:21,3
DA:22,3
DA:23,3
DA:24,3
DA:25,3
DA:26,3
DA:27,3
DA:28,3
DA:29,3
DA:30,3
DA:31,3
DA:32,3
DA:33,1
DA:34,1
LF:34
LH:34
BRDA:11,0,0,3
BRDA:14,1,0,1
BRF:2
BRH:2
end_of_record
TN:
SF:src/components/Search/index.tsx
FN:4,Search
FN:8,onChange
FNF:2
FNH:2
FNDA:2,Search
FNDA:1,onChange
DA:1,1
DA:2,1
DA:3,1
DA:4,1
DA:5,2
DA:6,2
DA:7,2
DA:8,2
DA:9,2
DA:10,2
DA:11,1
DA:12,1
LF:12
LH:12
BRDA:4,0,0,2
BRDA:8,1,0,1
BRF:2
BRH:2
end_of_record
TN:
SF:src/components/Tasks/CreateTaskButton.tsx
FN:5,CreateTaskButton
FN:8,handleModalOpen
FN:12,handleModalClose
FNF:3
FNH:1
FNDA:1,CreateTaskButton
FNDA:0,handleModalOpen
FNDA:0,handleModalClose
DA:1,1
DA:2,1
DA:3,1
DA:4,1
DA:5,1
DA:6,1
DA:7,1
DA:8,1
DA:9,0
DA:10,0
DA:11,1
DA:12,1
DA:13,0
DA:14,0
DA:15,1
DA:16,1
DA:17,1
DA:18,1
DA:19,1
DA:20,1
DA:21,1
DA:22,1
DA:23,1
DA:24,1
DA:25,1
DA:26,1
DA:27,1
LF:27
LH:23
BRDA:5,0,0,1
BRDA:18,1,0,0
BRF:2
BRH:1
end_of_record
TN:
SF:src/components/Tasks/Task.tsx
FN:7,Task
FN:18,handleEdit
FN:22,handleModalClose
FN:26,handleDelete
FNF:4
FNH:1
FNDA:6,Task
FNDA:0,handleEdit
FNDA:0,handleModalClose
FNDA:0,handleDelete
DA:1,1
DA:2,1
DA:3,1
DA:4,1
DA:5,1
DA:6,1
DA:7,1
DA:8,6
DA:9,6
DA:10,6
DA:11,6
DA:12,6
DA:13,6
DA:14,6
DA:15,6
DA:16,6
DA:17,6
DA:18,6
DA:19,0
DA:20,0
DA:21,6
DA:22,6
DA:23,0
DA:24,0
DA:25,6
DA:26,6
DA:27,0
DA:28,0
DA:29,0
DA:30,0
DA:31,0
DA:32,6
DA:33,6
DA:34,6
DA:35,6
DA:36,6
DA:37,6
DA:38,6
DA:39,6
DA:40,6
DA:41,6
DA:42,6
DA:43,6
DA:44,6
DA:45,6
DA:46,6
DA:47,6
DA:48,6
DA:49,6
DA:50,6
DA:51,6
DA:52,6
DA:53,6
DA:54,6
DA:55,1
DA:56,1
LF:56
LH:47
BRDA:7,0,0,6
BRDA:35,1,0,0
BRF:2
BRH:1
end_of_record
TN:
SF:src/components/Tasks/TaskModal.tsx
FN:16,TaskModal
FN:23,handleChange
FN:30,handleCreate
FN:38,handleUpdate
FN:47,handleCancel
FN:52,handleClickOutside
FN:97,onValueChange
FNF:7
FNH:4
FNDA:10,TaskModal
FNDA:0,handleChange
FNDA:0,handleCreate
FNDA:1,handleUpdate
FNDA:2,handleCancel
FNDA:2,handleClickOutside
FNDA:0,onValueChange
DA:1,1
DA:2,1
DA:3,1
DA:4,1
DA:5,1
DA:6,1
DA:7,1
DA:8,1
DA:9,1
DA:10,1
DA:11,1
DA:12,1
DA:13,1
DA:14,1
DA:15,1
DA:16,1
DA:17,10
DA:18,10
DA:19,10
DA:20,10
DA:21,10
DA:22,10
DA:23,10
DA:24,0
DA:25,0
DA:26,0
DA:27,0
DA:28,0
DA:29,10
DA:30,10
DA:31,0
DA:32,0
DA:33,0
DA:34,0
DA:35,0
DA:36,0
DA:37,10
DA:38,10
DA:39,1
DA:40,1
DA:41,1
DA:42,1
DA:43,1
DA:44,1
DA:45,1
DA:46,10
DA:47,10
DA:48,2
DA:49,2
DA:50,10
DA:51,10
DA:52,8
DA:53,2
DA:54,2
DA:55,2
DA:56,1
DA:57,1
DA:58,8
DA:59,8
DA:60,8
DA:61,8
DA:62,8
DA:63,8
DA:64,8
DA:65,8
DA:66,8
DA:67,10
DA:68,10
DA:69,10
DA:70,8
DA:71,2
DA:72,2
DA:73,2
DA:74,2
DA:75,2
DA:76,0
DA:77,0
DA:78,0
DA:79,2
DA:80,10
DA:81,10
DA:82,10
DA:83,10
DA:84,10
DA:85,10
DA:86,10
DA:87,10
DA:88,10
DA:89,10
DA:90,10
DA:91,10
DA:92,10
DA:93,10
DA:94,10
DA:95,10
DA:96,10
DA:97,10
DA:98,10
DA:99,10
DA:100,10
DA:101,10
DA:102,10
DA:103,10
DA:104,10
DA:105,10
DA:106,10
DA:107,10
DA:108,10
DA:109,10
DA:110,10
DA:111,10
DA:112,10
DA:113,10
DA:114,10
DA:115,10
DA:116,10
DA:117,10
DA:118,10
DA:119,10
DA:120,10
DA:121,10
DA:122,10
DA:123,10
DA:124,10
DA:125,10
DA:126,10
DA:127,1
DA:128,1
LF:128
LH:114
BRDA:16,0,0,10
BRDA:82,1,0,0
BRDA:88,2,0,4
BRDA:88,3,0,6
BRDA:117,4,0,4
BRDA:117,5,0,6
BRDA:117,6,0,2
BRDA:117,7,0,8
BRDA:38,8,0,1
BRDA:40,9,0,0
BRDA:40,10,0,1
BRDA:47,11,0,2
BRDA:51,12,0,8
BRDA:52,13,0,2
BRDA:55,14,0,1
BRDA:55,15,0,1
BRDA:55,16,0,1
BRDA:64,17,0,8
BRDA:69,18,0,8
BRDA:70,19,0,2
BRDA:72,20,0,0
BRDA:76,21,0,0
BRDA:72,22,0,2
BRF:23
BRH:19
end_of_record
TN:
SF:src/components/Tasks/index.tsx
FN:4,TaskList
FNF:1
FNH:1
FNDA:1,TaskList
DA:1,1
DA:2,1
DA:3,1
DA:4,1
DA:5,1
DA:6,1
DA:7,0
DA:8,0
DA:9,0
DA:10,0
DA:11,1
DA:12,1
DA:13,1
DA:14,1
DA:15,1
DA:16,3
DA:17,1
DA:18,1
DA:19,1
DA:20,1
DA:21,1
DA:22,1
DA:23,1
LF:23
LH:19
BRDA:4,0,0,1
BRDA:6,1,0,0
BRDA:15,2,0,3
BRF:3
BRH:2
end_of_record
TN:
SF:src/components/ui/input.tsx
FN:5,Input
FNF:1
FNH:1
FNDA:12,Input
DA:1,1
DA:2,1
DA:3,1
DA:4,1
DA:5,12
DA:6,12
DA:7,12
DA:8,12
DA:9,12
DA:10,12
DA:11,12
DA:12,12
DA:13,12
DA:14,12
DA:15,12
DA:16,12
DA:17,12
DA:18,12
DA:19,12
DA:20,1
DA:21,1
LF:21
LH:21
BRDA:5,0,0,12
BRF:1
BRH:1
end_of_record
TN:
SF:src/components/ui/label.tsx
FN:6,Label
FNF:1
FNH:1
FNDA:30,Label
DA:1,1
DA:2,1
DA:3,1
DA:4,1
DA:5,1
DA:6,30
DA:7,30
DA:8,30
DA:9,30
DA:10,30
DA:11,30
DA:12,30
DA:13,30
DA:14,30
DA:15,30
DA:16,30
DA:17,30
DA:18,30
DA:19,30
DA:20,30
DA:21,1
DA:22,1
LF:22
LH:22
BRDA:6,0,0,30
BRF:1
BRH:1
end_of_record
TN:
SF:src/components/ui/select.tsx
FN:7,Select
FN:13,SelectGroup
FN:19,SelectValue
FN:25,SelectTrigger
FN:51,SelectContent
FN:86,SelectLabel
FN:99,SelectItem
FN:123,SelectSeparator
FN:136,SelectScrollUpButton
FN:154,SelectScrollDownButton
FNF:10
FNH:7
FNDA:13,Select
FNDA:0,SelectGroup
FNDA:13,SelectValue
FNDA:13,SelectTrigger
FNDA:13,SelectContent
FNDA:0,SelectLabel
FNDA:48,SelectItem
FNDA:0,SelectSeparator
FNDA:14,SelectScrollUpButton
FNDA:14,SelectScrollDownButton
DA:1,1
DA:2,1
DA:3,1
DA:4,1
DA:5,1
DA:6,1
DA:7,13
DA:8,13
DA:9,13
DA:10,13
DA:11,13
DA:12,1
DA:13,0
DA:14,0
DA:15,0
DA:16,0
DA:17,0
DA:18,1
DA:19,13
DA:20,13
DA:21,13
DA:22,13
DA:23,13
DA:24,1
DA:25,13
DA:26,13
DA:27,13
DA:28,13
DA:29,13
DA:30,13
DA:31,13
DA:32,13
DA:33,13
DA:34,13
DA:35,13
DA:36,13
DA:37,13
DA:38,13
DA:39,13
DA:40,13
DA:41,13
DA:42,13
DA:43,13
DA:44,13
DA:45,13
DA:46,13
DA:47,13
DA:48,13
DA:49,13
DA:50,1
DA:51,13
DA:52,13
DA:53,13
DA:54,13
DA:55,13
DA:56,13
DA:57,13
DA:58,13
DA:59,13
DA:60,13
DA:61,13
DA:62,13
DA:63,13
DA:64,13
DA:65,13
DA:66,13
DA:67,13
DA:68,13
DA:69,13
DA:70,13
DA:71,13
DA:72,13
DA:73,13
DA:74,13
DA:75,13
DA:76,13
DA:77,13
DA:78,13
DA:79,13
DA:80,13
DA:81,13
DA:82,13
DA:83,13
DA:84,13
DA:85,1
DA:86,0
DA:87,0
DA:88,0
DA:89,0
DA:90,0
DA:91,0
DA:92,0
DA:93,0
DA:94,0
DA:95,0
DA:96,0
DA:97,0
DA:98,1
DA:99,48
DA:100,48
DA:101,48
DA:102,48
DA:103,48
DA:104,48
DA:105,48
DA:106,48
DA:107,48
DA:108,48
DA:109,48
DA:110,48
DA:111,48
DA:112,48
DA:113,48
DA:114,48
DA:115,48
DA:116,48
DA:117,48
DA:118,48
DA:119,48
DA:120,48
DA:121,48
DA:122,1
DA:123,0
DA:124,0
DA:125,0
DA:126,0
DA:127,0
DA:128,0
DA:129,0
DA:130,0
DA:131,0
DA:132,0
DA:133,0
DA:134,0
DA:135,1
DA:136,14
DA:137,14
DA:138,14
DA:139,14
DA:140,14
DA:141,14
DA:142,14
DA:143,14
DA:144,14
DA:145,14
DA:146,14
DA:147,14
DA:148,14
DA:149,14
DA:150,14
DA:151,14
DA:152,14
DA:153,1
DA:154,14
DA:155,14
DA:156,14
DA:157,14
DA:158,14
DA:159,14
DA:160,14
DA:161,14
DA:162,14
DA:163,14
DA:164,14
DA:165,14
DA:166,14
DA:167,14
DA:168,14
DA:169,14
DA:170,14
DA:171,1
DA:172,1
DA:173,1
DA:174,1
DA:175,1
DA:176,1
DA:177,1
DA:178,1
DA:179,1
DA:180,1
DA:181,1
DA:182,1
DA:183,1
LF:183
LH:154
BRDA:7,0,0,13
BRDA:19,1,0,13
BRDA:25,2,0,13
BRDA:51,3,0,13
BRDA:99,4,0,48
BRDA:136,5,0,14
BRDA:154,6,0,14
BRF:7
BRH:7
end_of_record
TN:
SF:src/components/ui/textarea.tsx
FN:5,Textarea
FNF:1
FNH:1
FNDA:10,Textarea
DA:1,1
DA:2,1
DA:3,1
DA:4,1
DA:5,10
DA:6,10
DA:7,10
DA:8,10
DA:9,10
DA:10,10
DA:11,10
DA:12,10
DA:13,10
DA:14,10
DA:15,10
DA:16,10
DA:17,1
DA:18,1
LF:18
LH:18
BRDA:5,0,0,10
BRF:1
BRH:1
end_of_record
TN:
SF:src/lib/utils.ts
FN:4,cn
FNF:1
FNH:1
FNDA:167,cn
DA:1,1
DA:2,1
DA:3,1
DA:4,167
DA:5,167
DA:6,167
LF:6
LH:6
BRDA:4,0,0,167
BRF:1
BRH:1
end_of_record
