TN:
SF:src/components/Filter/index.tsx
FN:11,Filter
FN:14,handleChange
FNF:2
FNH:2
FNDA:3,Filter
FNDA:1,handleChange
DA:1,1
DA:2,1
DA:3,1
DA:4,1
DA:5,1
DA:6,1
DA:7,1
DA:8,1
DA:9,1
DA:10,1
DA:11,1
DA:12,3
DA:13,3
DA:14,3
DA:15,1
DA:16,3
DA:17,3
DA:18,3
DA:19,3
DA:20,3
DA:21,3
DA:22,3
DA:23,3
DA:24,3
DA:25,3
DA:26,3
DA:27,3
DA:28,3
DA:29,3
DA:30,3
DA:31,3
DA:32,3
DA:33,3
DA:34,3
DA:35,3
DA:36,3
DA:37,3
DA:38,3
DA:39,3
DA:40,3
DA:41,1
DA:42,1
LF:42
LH:42
BRDA:11,0,0,3
BRDA:14,1,0,1
BRF:2
BRH:2
end_of_record
TN:
SF:src/components/Search/index.tsx
FN:4,Search
FN:14,onChange
FNF:2
FNH:2
FNDA:2,Search
FNDA:1,onChange
DA:1,1
DA:2,1
DA:3,1
DA:4,1
DA:5,2
DA:6,2
DA:7,2
DA:8,2
DA:9,2
DA:10,2
DA:11,2
DA:12,2
DA:13,2
DA:14,2
DA:15,2
DA:16,2
DA:17,2
DA:18,1
DA:19,1
LF:19
LH:19
BRDA:4,0,0,2
BRDA:14,1,0,1
BRF:2
BRH:2
end_of_record
TN:
SF:src/components/Tasks/CreateTaskButton.tsx
FN:4,CreateTaskButton
FNF:1
FNH:1
FNDA:2,CreateTaskButton
DA:1,1
DA:2,1
DA:3,1
DA:4,1
DA:5,2
DA:6,2
DA:7,2
DA:8,2
DA:9,2
DA:10,2
DA:11,2
DA:12,2
DA:13,2
DA:14,2
DA:15,2
DA:16,2
DA:17,2
DA:18,2
DA:19,2
DA:20,2
DA:21,2
DA:22,1
DA:23,1
LF:23
LH:23
BRDA:4,0,0,2
BRF:1
BRH:1
end_of_record
TN:
SF:src/components/Tasks/Task.tsx
FN:24,Task
FN:45,handleDelete
FN:58,onDragStart
FN:59,onDragOver
FN:61,onDrop
FN:102,onClick
FNF:6
FNH:4
FNDA:12,Task
FNDA:0,handleDelete
FNDA:1,onDragStart
FNDA:1,onDragOver
FNDA:1,onDrop
FNDA:0,onClick
DA:1,1
DA:2,1
DA:3,1
DA:4,1
DA:5,1
DA:6,1
DA:7,1
DA:8,1
DA:9,1
DA:10,1
DA:11,1
DA:12,1
DA:13,1
DA:14,1
DA:15,1
DA:16,1
DA:17,1
DA:18,1
DA:19,1
DA:20,1
DA:21,1
DA:22,1
DA:23,1
DA:24,1
DA:25,12
DA:26,12
DA:27,12
DA:28,12
DA:29,12
DA:30,12
DA:31,12
DA:32,12
DA:33,12
DA:34,12
DA:35,12
DA:36,12
DA:37,12
DA:38,12
DA:39,12
DA:40,12
DA:41,12
DA:42,12
DA:43,12
DA:44,12
DA:45,12
DA:46,0
DA:47,0
DA:48,0
DA:49,0
DA:50,0
DA:51,0
DA:52,12
DA:53,12
DA:54,12
DA:55,12
DA:56,12
DA:57,12
DA:58,12
DA:59,12
DA:60,12
DA:61,12
DA:62,12
DA:63,12
DA:64,12
DA:65,12
DA:66,12
DA:67,12
DA:68,12
DA:69,12
DA:70,12
DA:71,12
DA:72,12
DA:73,12
DA:74,12
DA:75,12
DA:76,12
DA:77,12
DA:78,12
DA:79,12
DA:80,12
DA:81,12
DA:82,12
DA:83,12
DA:84,12
DA:85,12
DA:86,12
DA:87,12
DA:88,12
DA:89,12
DA:90,12
DA:91,12
DA:92,12
DA:93,12
DA:94,12
DA:95,12
DA:96,12
DA:97,12
DA:98,12
DA:99,12
DA:100,12
DA:101,12
DA:102,12
DA:103,12
DA:104,12
DA:105,12
DA:106,12
DA:107,12
DA:108,12
DA:109,12
DA:110,12
DA:111,12
DA:112,12
DA:113,12
DA:114,12
DA:115,12
DA:116,12
DA:117,1
DA:118,1
LF:118
LH:112
BRDA:24,0,0,12
BRDA:56,1,0,1
BRDA:56,2,0,1
BRDA:70,3,0,0
BRDA:90,4,0,0
BRDA:58,5,0,1
BRDA:59,6,0,1
BRDA:61,7,0,1
BRF:8
BRH:6
end_of_record
TN:
SF:src/components/Tasks/TaskModal.tsx
FN:15,TaskModal
FN:32,handleChange
FN:44,handleCreate
FN:55,handleUpdate
FN:69,handleCancel
FN:74,handleClickOutside
FN:149,onValueChange
FNF:7
FNH:4
FNDA:9,TaskModal
FNDA:0,handleChange
FNDA:0,handleCreate
FNDA:1,handleUpdate
FNDA:1,handleCancel
FNDA:2,handleClickOutside
FNDA:0,onValueChange
DA:1,1
DA:2,1
DA:3,1
DA:4,1
DA:5,1
DA:6,1
DA:7,1
DA:8,1
DA:9,1
DA:10,1
DA:11,1
DA:12,1
DA:13,1
DA:14,1
DA:15,1
DA:16,9
DA:17,9
DA:18,9
DA:19,9
DA:20,9
DA:21,9
DA:22,9
DA:23,9
DA:24,9
DA:25,9
DA:26,9
DA:27,9
DA:28,9
DA:29,9
DA:30,9
DA:31,9
DA:32,9
DA:33,0
DA:34,0
DA:35,0
DA:36,0
DA:37,0
DA:38,0
DA:39,0
DA:40,0
DA:41,0
DA:42,9
DA:43,9
DA:44,9
DA:45,0
DA:46,0
DA:47,0
DA:48,0
DA:49,0
DA:50,0
DA:51,0
DA:52,0
DA:53,9
DA:54,9
DA:55,9
DA:56,1
DA:57,1
DA:58,1
DA:59,1
DA:60,1
DA:61,1
DA:62,1
DA:63,1
DA:64,1
DA:65,1
DA:66,1
DA:67,9
DA:68,9
DA:69,9
DA:70,1
DA:71,9
DA:72,9
DA:73,9
DA:74,7
DA:75,2
DA:76,2
DA:77,2
DA:78,1
DA:79,1
DA:80,7
DA:81,7
DA:82,7
DA:83,7
DA:84,7
DA:85,7
DA:86,7
DA:87,7
DA:88,7
DA:89,9
DA:90,9
DA:91,9
DA:92,7
DA:93,2
DA:94,2
DA:95,2
DA:96,2
DA:97,2
DA:98,2
DA:99,2
DA:100,0
DA:101,0
DA:102,2
DA:103,9
DA:104,9
DA:105,9
DA:106,9
DA:107,9
DA:108,9
DA:109,9
DA:110,9
DA:111,9
DA:112,9
DA:113,9
DA:114,9
DA:115,9
DA:116,9
DA:117,9
DA:118,9
DA:119,9
DA:120,9
DA:121,9
DA:122,9
DA:123,9
DA:124,9
DA:125,9
DA:126,9
DA:127,9
DA:128,9
DA:129,9
DA:130,9
DA:131,9
DA:132,9
DA:133,9
DA:134,9
DA:135,9
DA:136,9
DA:137,9
DA:138,9
DA:139,9
DA:140,9
DA:141,9
DA:142,9
DA:143,9
DA:144,9
DA:145,9
DA:146,9
DA:147,9
DA:148,9
DA:149,9
DA:150,0
DA:151,0
DA:152,0
DA:153,0
DA:154,9
DA:155,9
DA:156,9
DA:157,9
DA:158,9
DA:159,9
DA:160,9
DA:161,9
DA:162,9
DA:163,9
DA:164,9
DA:165,9
DA:166,9
DA:167,9
DA:168,9
DA:169,9
DA:170,9
DA:171,9
DA:172,9
DA:173,9
DA:174,9
DA:175,9
DA:176,9
DA:177,9
DA:178,9
DA:179,9
DA:180,9
DA:181,9
DA:182,9
DA:183,9
DA:184,9
DA:185,9
DA:186,9
DA:187,9
DA:188,9
DA:189,9
DA:190,9
DA:191,9
DA:192,9
DA:193,9
DA:194,9
DA:195,9
DA:196,9
DA:197,9
DA:198,9
DA:199,9
DA:200,9
DA:201,9
DA:202,9
DA:203,9
DA:204,9
DA:205,9
DA:206,9
DA:207,9
DA:208,9
DA:209,9
DA:210,9
DA:211,1
DA:212,1
LF:212
LH:189
BRDA:15,0,0,9
BRDA:105,1,0,0
BRDA:117,2,0,4
BRDA:117,3,0,5
BRDA:188,4,0,4
BRDA:188,5,0,5
BRDA:191,6,0,2
BRDA:192,7,0,7
BRDA:55,8,0,1
BRDA:59,9,0,0
BRDA:60,10,0,1
BRDA:69,11,0,1
BRDA:73,12,0,7
BRDA:74,13,0,2
BRDA:77,14,0,1
BRDA:86,15,0,7
BRDA:91,16,0,7
BRDA:92,17,0,2
BRDA:96,18,0,0
BRDA:99,19,0,0
BRDA:95,20,0,2
BRF:21
BRH:17
end_of_record
TN:
SF:src/components/Tasks/index.tsx
FN:6,TaskList
FN:18,handleDragStart
FN:26,handleDragOver
FN:35,handleDragLeave
FN:39,handleDrop
FN:58,handleDragEnd
FNF:6
FNH:1
FNDA:1,TaskList
FNDA:0,handleDragStart
FNDA:0,handleDragOver
FNDA:0,handleDragLeave
FNDA:0,handleDrop
FNDA:0,handleDragEnd
DA:1,1
DA:2,1
DA:3,1
DA:4,1
DA:5,1
DA:6,1
DA:7,1
DA:8,1
DA:9,1
DA:10,1
DA:11,1
DA:12,1
DA:13,1
DA:14,1
DA:15,1
DA:16,1
DA:17,1
DA:18,1
DA:19,0
DA:20,0
DA:21,0
DA:22,0
DA:23,0
DA:24,1
DA:25,1
DA:26,1
DA:27,0
DA:28,0
DA:29,0
DA:30,0
DA:31,0
DA:32,0
DA:33,1
DA:34,1
DA:35,1
DA:36,0
DA:37,1
DA:38,1
DA:39,1
DA:40,0
DA:41,0
DA:42,0
DA:43,0
DA:44,0
DA:45,0
DA:46,0
DA:47,0
DA:48,0
DA:49,0
DA:50,0
DA:51,0
DA:52,0
DA:53,0
DA:54,0
DA:55,0
DA:56,1
DA:57,1
DA:58,1
DA:59,0
DA:60,0
DA:61,1
DA:62,1
DA:63,1
DA:64,0
DA:65,0
DA:66,0
DA:67,0
DA:68,0
DA:69,0
DA:70,1
DA:71,1
DA:72,1
DA:73,1
DA:74,3
DA:75,3
DA:76,3
DA:77,3
DA:78,3
DA:79,3
DA:80,3
DA:81,3
DA:82,3
DA:83,3
DA:84,3
DA:85,3
DA:86,3
DA:87,1
DA:88,1
DA:89,1
DA:90,1
DA:91,1
DA:92,1
LF:92
LH:56
BRDA:6,0,0,1
BRDA:63,1,0,0
BRDA:73,2,0,3
BRF:3
BRH:2
end_of_record
TN:
SF:src/components/ui/button.tsx
FN:38,Button
FNF:1
FNH:1
FNDA:2,Button
DA:1,1
DA:2,1
DA:3,1
DA:4,1
DA:5,1
DA:6,1
DA:7,1
DA:8,1
DA:9,1
DA:10,1
DA:11,1
DA:12,1
DA:13,1
DA:14,1
DA:15,1
DA:16,1
DA:17,1
DA:18,1
DA:19,1
DA:20,1
DA:21,1
DA:22,1
DA:23,1
DA:24,1
DA:25,1
DA:26,1
DA:27,1
DA:28,1
DA:29,1
DA:30,1
DA:31,1
DA:32,1
DA:33,1
DA:34,1
DA:35,1
DA:36,1
DA:37,1
DA:38,2
DA:39,2
DA:40,2
DA:41,2
DA:42,2
DA:43,2
DA:44,2
DA:45,2
DA:46,2
DA:47,2
DA:48,2
DA:49,2
DA:50,2
DA:51,2
DA:52,2
DA:53,2
DA:54,2
DA:55,2
DA:56,2
DA:57,2
DA:58,1
DA:59,1
LF:59
LH:59
BRDA:38,0,0,2
BRDA:48,1,0,0
BRF:2
BRH:1
end_of_record
TN:
SF:src/components/ui/input.tsx
FN:5,Input
FNF:1
FNH:1
FNDA:11,Input
DA:1,1
DA:2,1
DA:3,1
DA:4,1
DA:5,11
DA:6,11
DA:7,11
DA:8,11
DA:9,11
DA:10,11
DA:11,11
DA:12,11
DA:13,11
DA:14,11
DA:15,11
DA:16,11
DA:17,11
DA:18,11
DA:19,11
DA:20,1
DA:21,1
LF:21
LH:21
BRDA:5,0,0,11
BRF:1
BRH:1
end_of_record
TN:
SF:src/components/ui/label.tsx
FN:6,Label
FNF:1
FNH:1
FNDA:27,Label
DA:1,1
DA:2,1
DA:3,1
DA:4,1
DA:5,1
DA:6,27
DA:7,27
DA:8,27
DA:9,27
DA:10,27
DA:11,27
DA:12,27
DA:13,27
DA:14,27
DA:15,27
DA:16,27
DA:17,27
DA:18,27
DA:19,27
DA:20,27
DA:21,1
DA:22,1
LF:22
LH:22
BRDA:6,0,0,27
BRF:1
BRH:1
end_of_record
TN:
SF:src/components/ui/select.tsx
FN:7,Select
FN:13,SelectGroup
FN:19,SelectValue
FN:25,SelectTrigger
FN:51,SelectContent
FN:86,SelectLabel
FN:99,SelectItem
FN:123,SelectSeparator
FN:136,SelectScrollUpButton
FN:154,SelectScrollDownButton
FNF:10
FNH:7
FNDA:12,Select
FNDA:0,SelectGroup
FNDA:12,SelectValue
FNDA:12,SelectTrigger
FNDA:12,SelectContent
FNDA:0,SelectLabel
FNDA:45,SelectItem
FNDA:0,SelectSeparator
FNDA:13,SelectScrollUpButton
FNDA:13,SelectScrollDownButton
DA:1,1
DA:2,1
DA:3,1
DA:4,1
DA:5,1
DA:6,1
DA:7,12
DA:8,12
DA:9,12
DA:10,12
DA:11,12
DA:12,1
DA:13,0
DA:14,0
DA:15,0
DA:16,0
DA:17,0
DA:18,1
DA:19,12
DA:20,12
DA:21,12
DA:22,12
DA:23,12
DA:24,1
DA:25,12
DA:26,12
DA:27,12
DA:28,12
DA:29,12
DA:30,12
DA:31,12
DA:32,12
DA:33,12
DA:34,12
DA:35,12
DA:36,12
DA:37,12
DA:38,12
DA:39,12
DA:40,12
DA:41,12
DA:42,12
DA:43,12
DA:44,12
DA:45,12
DA:46,12
DA:47,12
DA:48,12
DA:49,12
DA:50,1
DA:51,12
DA:52,12
DA:53,12
DA:54,12
DA:55,12
DA:56,12
DA:57,12
DA:58,12
DA:59,12
DA:60,12
DA:61,12
DA:62,12
DA:63,12
DA:64,12
DA:65,12
DA:66,12
DA:67,12
DA:68,12
DA:69,12
DA:70,12
DA:71,12
DA:72,12
DA:73,12
DA:74,12
DA:75,12
DA:76,12
DA:77,12
DA:78,12
DA:79,12
DA:80,12
DA:81,12
DA:82,12
DA:83,12
DA:84,12
DA:85,1
DA:86,0
DA:87,0
DA:88,0
DA:89,0
DA:90,0
DA:91,0
DA:92,0
DA:93,0
DA:94,0
DA:95,0
DA:96,0
DA:97,0
DA:98,1
DA:99,45
DA:100,45
DA:101,45
DA:102,45
DA:103,45
DA:104,45
DA:105,45
DA:106,45
DA:107,45
DA:108,45
DA:109,45
DA:110,45
DA:111,45
DA:112,45
DA:113,45
DA:114,45
DA:115,45
DA:116,45
DA:117,45
DA:118,45
DA:119,45
DA:120,45
DA:121,45
DA:122,1
DA:123,0
DA:124,0
DA:125,0
DA:126,0
DA:127,0
DA:128,0
DA:129,0
DA:130,0
DA:131,0
DA:132,0
DA:133,0
DA:134,0
DA:135,1
DA:136,13
DA:137,13
DA:138,13
DA:139,13
DA:140,13
DA:141,13
DA:142,13
DA:143,13
DA:144,13
DA:145,13
DA:146,13
DA:147,13
DA:148,13
DA:149,13
DA:150,13
DA:151,13
DA:152,13
DA:153,1
DA:154,13
DA:155,13
DA:156,13
DA:157,13
DA:158,13
DA:159,13
DA:160,13
DA:161,13
DA:162,13
DA:163,13
DA:164,13
DA:165,13
DA:166,13
DA:167,13
DA:168,13
DA:169,13
DA:170,13
DA:171,1
DA:172,1
DA:173,1
DA:174,1
DA:175,1
DA:176,1
DA:177,1
DA:178,1
DA:179,1
DA:180,1
DA:181,1
DA:182,1
DA:183,1
LF:183
LH:154
BRDA:7,0,0,12
BRDA:19,1,0,12
BRDA:25,2,0,12
BRDA:51,3,0,12
BRDA:99,4,0,45
BRDA:136,5,0,13
BRDA:154,6,0,13
BRF:7
BRH:7
end_of_record
TN:
SF:src/components/ui/textarea.tsx
FN:5,Textarea
FNF:1
FNH:1
FNDA:9,Textarea
DA:1,1
DA:2,1
DA:3,1
DA:4,1
DA:5,9
DA:6,9
DA:7,9
DA:8,9
DA:9,9
DA:10,9
DA:11,9
DA:12,9
DA:13,9
DA:14,9
DA:15,9
DA:16,9
DA:17,1
DA:18,1
LF:18
LH:18
BRDA:5,0,0,9
BRF:1
BRH:1
end_of_record
TN:
SF:src/components/ui/tooltip.tsx
FN:6,TooltipProvider
FN:19,Tooltip
FN:29,TooltipTrigger
FN:35,TooltipContent
FNF:4
FNH:4
FNDA:24,TooltipProvider
FNDA:24,Tooltip
FNDA:24,TooltipTrigger
FNDA:24,TooltipContent
DA:1,1
DA:2,1
DA:3,1
DA:4,1
DA:5,1
DA:6,24
DA:7,24
DA:8,24
DA:9,24
DA:10,24
DA:11,24
DA:12,24
DA:13,24
DA:14,24
DA:15,24
DA:16,24
DA:17,24
DA:18,1
DA:19,24
DA:20,24
DA:21,24
DA:22,24
DA:23,24
DA:24,24
DA:25,24
DA:26,24
DA:27,24
DA:28,1
DA:29,24
DA:30,24
DA:31,24
DA:32,24
DA:33,24
DA:34,1
DA:35,24
DA:36,24
DA:37,24
DA:38,24
DA:39,24
DA:40,24
DA:41,24
DA:42,24
DA:43,24
DA:44,24
DA:45,24
DA:46,24
DA:47,24
DA:48,24
DA:49,24
DA:50,24
DA:51,24
DA:52,24
DA:53,24
DA:54,24
DA:55,24
DA:56,24
DA:57,24
DA:58,1
DA:59,1
LF:59
LH:59
BRDA:6,0,0,24
BRDA:19,1,0,24
BRDA:29,2,0,24
BRDA:35,3,0,24
BRF:4
BRH:4
end_of_record
TN:
SF:src/lib/utils.ts
FN:4,cn
FNF:1
FNH:1
FNDA:180,cn
DA:1,1
DA:2,1
DA:3,1
DA:4,180
DA:5,180
DA:6,180
LF:6
LH:6
BRDA:4,0,0,180
BRF:1
BRH:1
end_of_record
